<?xml version="1.0" encoding="UTF-8"?>
<i>
<d p="6.0999999046326,1,18,255,1323907050,1,3cd3cd6c,63668543">/n/n/n█/n/n/n/n█/n/n/n/n/n/n/n/n/n/n/n/n</d>
<d p="6.0999999046326,1,18,255,1323907081,1,3cd3cd6c,63668555">/n/n　█　/n/n　█　/n/n/n/n　█　/n/n/n/n/n/n/n/n/n/n/n</d>
<d p="6.0999999046326,1,18,255,1323907100,1,3cd3cd6c,63668556">/n/n　█　/n/n　█　/n/n/n/n　█　/n/n/n/n/n/n/n/n/n/n/n</d>
<d p="6.0999999046326,1,18,255,1323907170,1,3cd3cd6c,63668579">/n/n　　█　　/n/n/n　　█　　/n/n/n　　█　　/n/n/n/n/n/n/n/n/n/n/n</d>
<d p="6.0999999046326,1,18,255,1323907212,1,3cd3cd6c,63668582">/n/n　　　█　　　/n/n/n/n　　　█　　　/n/n　　　█　　　/n/n/n/n/n/n/n/n/n/n/n</d>
<d p="6.0999999046326,1,18,255,1323907221,1,3cd3cd6c,63668590">/n/n/n　　　　█　　　　/n/n/n/n　　　　█　　　　/n/n/n/n/n/n/n/n/n/n/n/n</d>
<d p="6.5,1,18,13311,1323907458,1,3cd3cd6c,63668657">/n/n/n/n/n█/n█/n█/n/n/n/n/n/n/n/n/n/n/n/n</d>
<d p="6.5,1,18,13311,1323907539,1,3cd3cd6c,63668670">/n/n/n/n　█　/n/n/n/n　█　/n/n/n/n/n/n/n/n/n/n/n</d>
<d p="6.5,1,18,13311,1323907542,1,3cd3cd6c,63668671">/n/n/n/n　　█　　/n/n/n/n　　█　　/n/n/n/n/n/n/n/n/n/n/n</d>
<d p="6.5,1,18,13311,1323907553,1,3cd3cd6c,63668676">/n/n/n/n　　　█　　　/n/n/n/n　　　█　　　/n/n/n/n/n/n/n/n/n/n/n</d>
<d p="6.5,1,18,13311,1323907550,1,3cd3cd6c,63668679">/n/n/n/n/n　　　　█　　　　/n　　　　█　　　　/n　　　　█　　　　/n/n/n/n/n/n/n/n/n/n/n/n</d>
<d p="7,1,18,26367,1323907603,1,3cd3cd6c,63668698">/n/n/n/n█/n█/n█/n█/n/n/n/n/n/n/n/n/n/n/n/n</d>
<d p="7,1,18,26367,1323907631,1,3cd3cd6c,63668706">/n/n/n/n/n/n/n/n　█　/n/n/n/n/n/n/n/n/n/n/n</d>
<d p="7,1,18,26367,1323907656,1,3cd3cd6c,63668711">/n/n/n/n/n/n/n/n　　█　　/n/n/n/n/n/n/n/n/n/n/n</d>
<d p="7,1,18,26367,1323907658,1,3cd3cd6c,63668714">/n/n/n/n/n/n/n/n　　　█　　　/n/n/n/n/n/n/n/n/n/n/n</d>
<d p="7,1,18,26367,1323907694,1,3cd3cd6c,63668726">/n/n/n/n　　　　█　　　　/n　　　　█　　　　/n　　　　█　　　　/n　　　　█　　　　/n/n/n/n/n/n/n/n/n/n/n/n</d>
<d p="7,1,18,26367,1323907694,1,3cd3cd6c,63668727">/n/n/n/n　　　　█　　　　/n　　　　█　　　　/n　　　　█　　　　/n　　　　█　　　　/n/n/n/n/n/n/n/n/n/n/n/n</d>
<d p="7,1,18,26367,1323907701,1,3cd3cd6c,63668735">/n/n/n/n/n/n/n/n　　　　　█　　　　　/n/n/n/n/n/n/n/n/n/n/n</d>
<d p="7.5,1,18,39423,1323908934,1,3cd3cd6c,63669196">/n/n/n/n█/n█/n█/n█/n█/n/n/n/n/n/n/n/n/n/n/n</d>
<d p="7.5,1,18,39423,1323908957,1,3cd3cd6c,63669201">/n/n/n/n/n　█　/n/n/n/n/n/n/n/n/n/n/n/n/n/n</d>
<d p="7.5,1,18,39423,1323908955,1,3cd3cd6c,63669211">/n/n/n/n　　█　　/n/n/n/n/n/n/n/n/n/n/n/n/n/n/n</d>
<d p="7.5,1,18,39423,1323908976,1,3cd3cd6c,63669215">/n/n/n/n　　　█　　　/n/n/n/n/n/n/n/n/n/n/n/n/n/n/n</d>
<d p="7.5,1,18,39423,1323908985,1,3cd3cd6c,63669219">/n/n/n/n/n　　　　█　　　　/n　　　　█　　　　/n　　　　█　　　　/n　　　　█　　　　/n/n/n/n/n/n/n/n/n/n/n</d>
<d p="7.5,1,18,39423,1323908972,1,3cd3cd6c,63669220">/n/n/n/n/n　　　　█　　　　/n　　　　█　　　　/n　　　　█　　　　/n　　　　█　　　　/n/n/n/n/n/n/n/n/n/n/n</d>
<d p="8.1999998092651,1,18,52479,1323909112,1,3cd3cd6c,63669271">/n/n/n/n/n█/n█/n█/n/n/n/n/n/n/n/n/n/n/n/n</d>
<d p="8.1999998092651,1,18,52479,1323909137,1,3cd3cd6c,63669282">/n/n/n/n　█　/n/n/n/n　█　/n/n/n/n/n/n/n/n/n/n/n</d>
<d p="8.1999998092651,1,18,52479,1323909144,1,3cd3cd6c,63669286">/n/n/n/n　　█　　/n/n/n/n　　█　　/n/n/n/n/n/n/n/n/n/n/n</d>
<d p="8.1999998092651,1,18,52479,1323909152,1,3cd3cd6c,63669288">/n/n/n/n　　　█　　　/n/n/n/n　　　█　　　/n/n/n/n/n/n/n/n/n/n/n</d>
<d p="8.1999998092651,1,18,52479,1323909212,1,3cd3cd6c,63669310">/n/n　　　　█　　　　/n　　　　█　　　　/n　　　　█　　　　/n　　　　█　　　　/n　　　　█　　　　/n　　　　█　　　　/n　　　　█　　　　/n/n/n/n/n/n/n/n/n/n/n</d>
<d p="8.8000001907349,1,18,65535,1323909342,1,3cd3cd6c,63669365">/n/n/n/n█/n█/n█/n█/n█/n█/n█/n/n/n/n/n/n/n/n/n</d>
<d p="8.8000001907349,1,18,65535,1323909370,1,3cd3cd6c,63669375">/n/n/n/n/n/n/n　█　/n/n/n/n/n/n/n/n/n/n/n/n</d>
<d p="8.8000001907349,1,18,65535,1323909376,1,3cd3cd6c,63669378">/n/n/n/n/n/n/n　　█　　/n/n/n/n/n/n/n/n/n/n/n/n</d>
<d p="8.8000001907349,1,18,65535,1323909369,1,3cd3cd6c,63669382">/n/n/n/n/n/n/n　　　█　　　/n/n/n/n/n/n/n/n/n/n/n/n</d>
<d p="8.8000001907349,1,18,65535,1323909394,1,3cd3cd6c,63669393">/n/n/n/n　　　　█　　　　/n　　　　█　　　　/n　　　　█　　　　/n　　　　█　　　　/n　　　　█　　　　/n　　　　█　　　　/n　　　　█　　　　/n/n/n/n/n/n/n/n/n</d>
<d p="9.3000001907349,1,18,3407871,1323909716,1,3cd3cd6c,63669532">/n/n/n/n/n/n/n█/n█/n█/n/n/n/n/n/n/n/n/n/n</d>
<d p="9.3000001907349,1,18,3407871,1323909712,1,3cd3cd6c,63669533">/n/n/n/n/n/n/n█/n█/n█/n/n/n/n/n/n/n/n/n/n</d>
<d p="9.3000001907349,1,18,3407871,1323909735,1,3cd3cd6c,63669542">/n/n/n/n/n/n　█　/n/n/n/n　█　/n/n/n/n/n/n/n/n/n</d>
<d p="9.3000001907349,1,18,3407871,1323909741,1,3cd3cd6c,63669544">/n/n/n/n/n/n　　█　　/n/n/n/n　　█　　/n/n/n/n/n/n/n/n/n</d>
<d p="9.3000001907349,1,18,3407871,1323909747,1,3cd3cd6c,63669547">/n/n/n/n/n/n　　　█　　　/n/n/n/n　　　█　　　/n/n/n/n/n/n/n/n/n</d>
<d p="9.3000001907349,1,18,3407871,1323909766,1,3cd3cd6c,63669553">/n/n/n/n/n/n/n　　　　█　　　　/n　　　　█　　　　/n　　　　█　　　　/n/n/n/n/n/n/n/n/n/n</d>
<d p="9.8999996185303,1,18,6750207,1323910245,1,3cd3cd6c,63669714">/n/n/n/n/n/n█/n█/n█/n█/n█/n/n/n/n/n/n/n/n/n</d>
<d p="9.8999996185303,1,18,6750207,1323910263,1,3cd3cd6c,63669715">/n/n/n/n/n/n█/n█/n█/n█/n█/n/n/n/n/n/n/n/n/n</d>
<d p="9.8999996185303,1,18,6750207,1323910269,1,3cd3cd6c,63669723">/n/n/n/n/n/n/n/n　█　/n/n/n/n/n/n/n/n/n/n/n</d>
<d p="9.8999996185303,1,18,6750207,1323910296,1,3cd3cd6c,63669729">/n/n/n/n/n/n/n　　█　　/n/n/n/n/n/n/n/n/n/n/n/n</d>
<d p="9.8999996185303,1,18,6750207,1323910311,1,3cd3cd6c,63669732">/n/n/n/n/n/n　　　█　　　/n/n/n/n/n/n/n/n/n/n/n/n/n</d>
<d p="9.8999996185303,1,18,6750207,1323910314,1,3cd3cd6c,63669737">/n/n/n/n/n/n　　　　█　　　　/n/n/n/n/n/n/n/n/n/n/n/n/n</d>
<d p="10.6000003814697,1,18,10092543,1323910340,1,3cd3cd6c,63669753">/n/n/n/n/n/n█/n/n/n/n/n/n/n/n/n/n/n/n/n</d>
<d p="10.6000003814697,1,18,10092543,1323910393,1,3cd3cd6c,63669766">/n/n/n/n　█　/n/n　█　/n　█　/n　█　/n　█　/n　█　/n/n/n/n/n/n/n/n/n</d>
<d p="10.6000003814697,1,18,10092543,1323910404,1,3cd3cd6c,63669775">/n/n/n/n/n/n/n/n/n/n　　█　　/n/n/n/n/n/n/n/n/n</d>
<d p="11.10000038147,1,18,13434879,1323910528,1,3cd3cd6c,63669811">/n/n/n/n/n/n█/n/n/n/n█/n/n/n/n/n/n/n/n/n</d>
<d p="11.10000038147,1,18,13434879,1323910570,1,3cd3cd6c,63669827">/n/n/n/n/n/n　█　/n/n/n　█　/n　█　/n/n/n/n/n/n/n/n/n</d>
<d p="11.10000038147,1,18,13434879,1323910602,1,3cd3cd6c,63669843">/n/n/n/n/n/n　　█　　/n/n　　█　　/n/n　　█　　/n/n/n/n/n/n/n/n/n</d>
<d p="11.10000038147,1,18,13434879,1323910635,1,3cd3cd6c,63669859">/n/n/n/n/n/n　　　█　　　/n　　　█　　　/n/n/n　　　█　　　/n/n/n/n/n/n/n/n/n</d>
<d p="11.10000038147,1,18,13434879,1323910660,1,3cd3cd6c,63669882">/n/n/n/n/n/n　　　　█　　　　/n/n/n/n　　　　█　　　　/n/n/n/n/n/n/n/n/n</d>
<d p="11.800000190735,1,18,15663103,1323910743,1,3cd3cd6c,63669904">/n/n/n/n/n/n/n█/n█/n█/n/n/n/n/n/n/n/n/n/n</d>
<d p="11.800000190735,1,18,15663103,1323910769,1,3cd3cd6c,63669920">/n/n/n/n/n/n　█　/n/n/n/n　█　/n/n/n/n/n/n/n/n/n</d>
<d p="11.800000190735,1,18,15663103,1323910790,1,3cd3cd6c,63669922">/n/n/n/n/n/n　　█　　/n/n/n/n　　█　　/n/n/n/n/n/n/n/n/n</d>
<d p="11.800000190735,1,18,15663103,1323910796,1,3cd3cd6c,63669924">/n/n/n/n/n/n　　　█　　　/n/n/n/n　　　█　　　/n/n/n/n/n/n/n/n/n</d>
<d p="11.800000190735,1,18,15663103,1323910816,1,3cd3cd6c,63669932">/n/n/n/n/n/n/n　　　　█　　　　/n　　　　█　　　　/n　　　　█　　　　/n/n/n/n/n/n/n/n/n/n</d>
<d p="12.5,1,18,16777215,1323910858,1,3cd3cd6c,63669960">/n/n/n/n/n/n█/n█/n█/n█/n█/n/n/n/n/n/n/n/n/n</d>
<d p="12.5,1,18,16777215,1323910888,1,3cd3cd6c,63669972">/n/n/n/n/n/n/n　█　/n/n/n/n/n/n/n/n/n/n/n/n</d>
<d p="12.5,1,18,16777215,1323910886,1,3cd3cd6c,63669979">/n/n/n/n/n/n　　█　　/n/n/n/n/n/n/n/n/n/n/n/n/n</d>
<d p="12.5,1,18,16777215,1323910908,1,3cd3cd6c,63669985">/n/n/n/n/n/n　　　█　　　/n/n/n/n/n/n/n/n/n/n/n/n/n</d>
<d p="12.5,1,18,16777215,1323910936,1,3cd3cd6c,63670001">/n/n/n/n/n/n/n　　　　█　　　　/n　　　　█　　　　/n　　　　█　　　　/n　　　　█　　　　/n/n/n/n/n/n/n/n/n</d>


<d p="0.60000002384186,7,3,10079487,1336651680,1,deadbeef,1634179142">["345","20","0.2-0.2","6.5","　　　　　　　　　　　　　　█　　　　　　　　　　　　　　　　　　　　/n　　　　　　　　　　　　　　　　　　　　　　　　　　　　　　　　　　　/n　　　　　　　　　　　　　　　　　　　　　　　　　　　　　　　　　　　/n　　　　　　　　　　　　　　　　　　　　　　　　　　　　　　　　　　　/n　　　　　　　　　　　　　　　　　　　　　　　　　　　　　　　　　　　/n　　　　　　　　　　　　　　　　　　　　　　　　　　　　　　　　　　　/n　　　　　　　　　　　　　　　　　　　　　　　　　　　　　　　　　　　/n"]</d>
    <d p="0.60000002384186,7,3,10079487,1336651680,1,deadbeef,1951169881">["345","55","0.2-0.2","6.5","　　　　　　　　　　　　　　　　　　　　　　　　　　　　　　　　　　　/n　　　　　　　　　　　　　　　　　　　　　　　　　　　　　　　　　　　/n　　　　　　　　　　　　　　　　　　　　　　　　　　　　　　　█　　　/n　　　　　　　　　　　　　　　　　　　　　　　　　　　　　　　　　　　/n　　　　　　　　　　　　　　　　　　　　　　　　　　　　　　　　　　　/n　　　　　　　　　　　　　　　　　　　　　　　　　　　　　　　　　　　/n　　　　　　　　　　　　　　　　　　　　　　　　　　　　　　　　　　　/n"]</d>
    <d p="0.60000002384186,7,3,10079487,1336651680,1,deadbeef,34597220">["345","90","0.2-0.2","6.5","　　　　　　　　　　　　　　　　　　　　　　　　　　　　　　　　　　　/n　　　　　　　　　　　　　　　　　　　　　　　　　　　　　　　　　　　/n　　　　　　　　　　　　　　　　　　　　　　　　　　　　　　　　　　　/n　　　　　　　　　　　　　　　　　　　　　　　　　　　　　　　　　　　/n　　　　　　　　　　　　　　　　　　　　　　　　　　　　　　　　　　　/n　　　　　　　　　　　　　　　　　　　　　　　　　　　　　　　　　　　/n　　　　　　　　　　　　　　　　　　　　　　　　　　　　　　　　　　　/n"]</d>
    <d p="0.60000002384186,7,3,10079487,1336651680,1,deadbeef,361302449">["345","125","0.2-0.2","6.5","　　　　　　　　　　　　　　　　　　　　　　　　　　　　　　　　　　　/n　　　　　　　　　　　　　　　　　　　　　　　　　　　　　　　　　　　/n　　　　　　　　　　　　　　　　　　　　　　　　　　　　　　　　　█　/n　　　　　　　　　　　　　　　　　　　　　　　　　　　　　　　　　　　/n　█　　　　　　　　　　　　　　　　　　　　　　　　　　　　　　　　　/n█　　　　　　　　　　　　　　　　　　　　　　　　　　　　　　　　　　/n　　　　█　　　　　　　　　　　　　　　　　　　　　　　　　　█　　　/n"]</d>
    <d p="0.60000002384186,7,3,10079487,1336651680,1,deadbeef,2047072403">["345","160","0.2-0.2","6.5","　　　　　█　　　█　　　　　　　　　　　　　　　　　　　　　　　　█"]</d>
    <d p="0.60000002384186,7,3,6737151,1336651680,1,deadbeef,282271559">["365","20","0.4-0.4","6.5","　　　　　　　　　　　█　　　　　　█　　　　　　　　　　　　/n　　　　　　　　█　　　　　　　　　　　　　　　　　　　　　　/n　　　　　　█　　　　　　　　　　　　　　　　　　　　　　　　/n　　　　　　　　　　　　　　　　　　　　　　　　　　　　　　　/n　　　　　　　　　　　　　　　　　　　　　　　　█　　　　　　/n　　　　　　　　　　　　　　　　　　　　　　　　　　　　　　　/n　　　　　　　　　　　　　　　　　　　　　　　　　　　　　　　/n　　　　　　　　　　　　　　　　　　　　　　　　　　　　　　　/n"]</d>
    <d p="0.60000002384186,7,3,6737151,1336651680,1,deadbeef,1534542065">["365","60","0.4-0.4","6.5","　　　　　　　　　　　　　　　　　　　　　　　　　　　　　　　/n　　　　　　　　　　　　　　　　　　　　　　　　　　　　　　　/n　　　　　　　　　　　　　　　　　　　　　　　　　　　█　　　/n　　　　　　　　　　　　　　　　　　　　　　　　　　　　　　　/n　　　　　　　　　　　　　　　　　　　　　　　　　　　　　　　/n　　　　　　　　　　　　　　　　　　　　　　　　　　　　　　　/n　　　　　　　　　　　　　　　　　　　　　　　　　　　　　　　/n　　　　　　　　　　　　　　　　　　　　　　　　　　　　　　　/n"]</d>
    <d p="0.60000002384186,7,3,6737151,1336651680,1,deadbeef,198341059">["365","100","0.4-0.4","6.5","　　　　　　　　　　　　　　　　　　　　　　　　　　　　　　　/n　　　　　　　　　　　　　　　　　　　　　　　　　　　　　　　/n█　　　　　　　　　　　　　　　　　　　　　　　　　　　　　　/n█　　　　　　　　　　　　　　　　　　　　　　　　　　　　　　/n　　　　　　　　　　　　　　　　　　　　　　　　　　　　　　　/n　　　　　　　　　　　　　　　　　　　　　　　　　　　　　　　/n　　　　　　　　　　　　　　　　　　　　　　　　　　　　　　　/n"]</d>
    <d p="0.60000002384186,7,3,6737151,1336651680,1,deadbeef,2022237156">["365","135","0.4-0.4","6.5","　　　　　　　　　　　　　　　　　　　　　　　　　　　　　　　/n　　　　　　　　　　　　　　　　　　　　　　　　　　　　　　　/n　　　　　　　　　　　　　　　　　　　　　　　　　　　　　　　/n　　　　　　　　　　　　　　　　　　　　　　　　　　　　　　█/n　　　　　　　█　　　　　　　　　　　　　　　　　　　　　　　/n　　　██　　　　　　　　　　　　　　　　　　　　　　　　　　"]</d>
    <d p="0.60000002384186,7,3,6724095,1336651680,1,deadbeef,1134859491">["355","20","0.6-0.6","6.5","　　　　　　　　　　　　　　█████　　　　　　　　　　　　　　/n　　　　　　　　　　　　　　　　　　　　　　　　　　　　　　　　　/n　　　　　　　　　　　　　　　　　　　　　　　　　　　　　　　　　/n　　　　　　　█　　　　　　　　　　　　　　　　　　　　　　　　　/n　　　　　　　　　　　　　　　　　　　　　　　　　　　　　　　　　/n　　　　　█　　　　　　　　　　　　　　　　　　　　　　　　　　　/n　　　　　　　　　　　　　　　　　　　　　　　　　　　　　　　　　/n"]</d>
    <d p="0.60000002384186,7,3,6724095,1336651680,1,deadbeef,1876280517">["355","55","0.6-0.6","6.5","　　　　█　　　　　　　　　　　　　　　　　　　　　　　　　　　　/n　　　　　　　　　　　　　　　　　　　　　　　　　　　　　　　　　/n　　　　　　　　　　　　　　　　　　　　　　　　　　　　　　　　　/n　　　　　　　　　　　　　　　　　　　　　　　　　　　　　　　　　/n　　　　　　　　　　　　　　　　　　　　　　　　　　　　　　　　　/n　　　　　　　　　　　　　　　　　　　　　　　　　　　　　█　　　/n　　　　　　　　　　　　　　　　　　　　　　　　　　　　　　　　　/n"]</d>
    <d p="0.60000002384186,7,3,6724095,1336651680,1,deadbeef,36183001">["355","90","0.6-0.6","6.5","　　　　　　　　　　　　　　　　　　　　　　　　　　　　　　　　　/n　　　　　　　　　　　　　　　　　　　　　　　　　　　　　　　　　/n　　　　　　　　　　　　　　　　　　　　　　　　　　　　　　　　　/n　　　　　　　　　　　　　　　　　　　　　　　　　　　　　　　　　/n　　　　　　　　　　　　　　　　　　　　　　　　　　　　　　　　　/n　　　　　　　　　　　　　　　　　　　　　　　　　　　　　　　　　/n　　　　　　　　　　　　　　　　　　　　　　　　　　　　　　　　　/n"]</d>
    <d p="0.60000002384186,7,3,6724095,1336651680,1,deadbeef,641524369">["355","125","0.6-0.6","6.5","　　　　　　　　　　　　　　　　　　　　　　　　　　　　　　█　　/n　　　　　　　　　　　　　　　　　　　　　　　　　　　　　　　　　/n　　　　　　　　　　　　　　　　　　　　　　　　　　　　　　　　　/n　　　　　　　　　　　　　　　　　　　　　　　　　　　　　　　　　/n　　　　　　　　　　　　　　　　　　　　　　█　　　　　　　　█　/n　　　　　　　　　　　　　　　　　　　　　　　　　█　　█　　　　/n█　　　　　　　　　　　　　　　　　　　　　　　　　　　█　　　█/n"]</d>
    <d p="0.60000002384186,7,3,6724095,1336651680,1,deadbeef,135534281">["355","160","0.6-0.6","6.5","　　　　█　　　　　　　　　　　　　　　　　　　　　　　　　　　　"]</d>
    <d p="0.60000002384186,7,3,6724095,1336651680,1,deadbeef,1051649534">["355","20","0.5-0.5","6.5","　　　　　　　　　　　　　　　　　　　█　　　　　　　　　　　　/n　　　　　　　　　　　　　　　　　　　　　　█　　　　　　　　　/n　　　　　　　　　　　　　　　　　　　　　　　　　　　　　　　　/n　　　　　　　　　　　　　　　　　　　　　　　　　█　　　　　　/n　　　　　　　　　　　　　　　　　　　　　　　　　　　　　　　　/n　　　　　　　　　　　　　　　　　　　　　　　　　　　　　　　　/n　　　　　　　　　　　　　　　　　　　　　　　　　　　　　　　　/n"]</d>
    <d p="0.60000002384186,7,3,6724095,1336651680,1,deadbeef,646245715">["355","55","0.5-0.5","6.5","　　　　　　　　　　　　　　　　　　　　　　　　　　　　█　　　/n　　　　　　　　　　　　　　　　　　　　　　　　　　　　　　　　/n　　　　　　　　　　　　　　　　　　　　　　　　　　　　　　　　/n　　　　　　　　　　　　　　　　　　　　　　　　　　　　　　　　/n　　　　　　　　　　　　　　　　　　　　　　　　　　　　　█　　/n　　　　　　　　　　　　　　　　　　　　　　　　　　　　　　　　/n　　　　　　　　　　　　　　　　　　　　　　　　　　　　　　　　/n"]</d>
    <d p="0.60000002384186,7,3,6724095,1336651680,1,deadbeef,1474622645">["355","90","0.5-0.5","6.5","　　　　　　　　　　　　　　　　　　　　　　　　　　　　　　　　/n　　　　　　　　　　　　　　　　　　　　　　　　　　　　　　　　/n　　　　　　　　　　　　　　　　　　　　　　　　　　　　　　　　/n　　　　　　　　　　　　　　　　　　　　　　　　　　　　　　　　/n　　　　　　　　　　　　　　　　　　　　　　　　　　　　　　　　/n　　　　　　　　　　　　　　　　　　　　　　　　　　　　　　█　/n　　　　　　　　　　　　　　　　　　　　　　　　　　　　　　█　/n"]</d>
    <d p="0.60000002384186,7,3,6724095,1336651680,1,deadbeef,1574463260">["355","125","0.5-0.5","6.5","　　　　　　　　　　　　　　　　　　　　　　　　　　　　　　　　/n　█　　　　　　　　　　　　　　　　　　　　　　　　　　　　　　/n　　　　　　　　　　　　　　　　　　　　　　　　　　　　　　　　/n█　　　　　　　　　　　　　　　　　　　　　　　　　　　　　　█/n　　　　　　　　　　　　　　　　　　　　　　　█　　　　　　　　/n　　　　　　　　　　　　　　　　　　　　　　　　　　　　　█　　/n　█　　　　　　　　　　　　　　　　　　　　　　　　　█　　　█"]</d>
    <d p="0.60000002384186,7,3,3381759,1336651680,1,deadbeef,1011441401">["350","25","0.9-0.9","6.5","　　　　　　　　　　　　█　　　　　　　　　█　　　　　　　　　　/n　　　　　　　　　　█　　　　　　　　　　　　　█　　　　　　　　/n　　　　　　　　　　　　　　　　　　　　　　　　　█　　　　　　　/n　　　　　　　█　　　　　　　　　　　　　　　　　　█　　　　　　/n　　　　　　　　　　　　　　　　　　　　　　　　　　　█　　　　　/n　　　　　　　　　　　　　　　　　　　　　　　　　　　　█　　　　/n　　　　　　　　　　　　　　　　　　　　　　　　　　　　　　　　　/n"]</d>
    <d p="0.60000002384186,7,3,3381759,1336651680,1,deadbeef,311863095">["350","60","0.9-0.9","6.5","　　　　　█　　　　　　　　　　　　　　　　　　　　　　　　　　　/n　　　　　　　　　　　　　　　　　　　　　　　　　　　　　　　　　/n　　　　　　　　　　　　　　　　　　　　　　　　　　　　　　　　　/n　　　　　　　　　　　　　　　　　　　　　　　　　　　　　　　　　/n　　　　　　　　　　　　　　　　　　　　　　　　　　　　　　　　　/n　　　　　　　　　　　　　　　　　　　　　　　　　　　　　　　　　/n　　　　　　　　　　　　　　　　　　　　　　　　　　　　　　█　　/n"]</d>
    <d p="0.60000002384186,7,3,3381759,1336651680,1,deadbeef,1118471924">["350","95","0.9-0.9","6.5","　　　　　　　　　　　　　　　　　　　　　　　　　　　　　　　　　/n　　　　　　　　　　　　　　　　　　　　　　　　　　　　　　　　　/n　　　　　　　　　　　　　　　　　　　　　　　　　　　　　　　　　/n　　　　　　　　　　　　　　　　　　　　　　　　　　　　　　█　　/n　　　　　　　　　　　　　　　　　　　　　　　　　　　　　　█　　/n　　　　　　　　　　　　　　　　　　　　　　　　　　　　　　█　　/n　　　█　　　　　　　　　　　　　　　　　　　　　　　　　　█　　/n"]</d>
    <d p="0.60000002384186,7,3,3381759,1336651680,1,deadbeef,762592402">["350","130","0.9-0.9","6.5","　　　　　　　　　　　　　　　　　　　　　　　　　　　　████　/n　　　　　　　　　　　　　　　　　　　　　　　　　　　　████　/n　　　　　　　　　　　　　　　　　　　　　　　　　　　　　███　/n　█　　　　　　　　　　　　　　　　　　　　　　　█　　　███　/n█　　　　　　　　　　　　　　　　　　　　　　　　　　　　　　██/n　　　　　　　　　　　　　　　　　█　　　　　　　　　　　　　　　/n　　　　　　　　　　　　　　　　　█　　　　　　　　　　　　　　　/n"]</d>
    <d p="0.60000002384186,7,3,3381759,1336651680,1,deadbeef,797353366">["350","165","0.9-0.9","6.5","　　　　　　　　　　　　　　　　██　　　　　　　　　　　　　　　/n　　　　　　　　　　　　　　　　　　　　　　　　　　　　　　　　　/n　　　　　　　　　　　　　　　　　　　　　　　　　　　　　　　　　/n　　　　　　　　　　　　　　　　　　　　　　　　　　　　　　　　　/n　　　　　　　　　　　　　　　　　　　　　　　　　　　　　　　　　/n　　　　　　　　　　　　　　　　　　　　　　　　　　　　　　　　　/n　　　　　　　　　　　　　　　　　　　　　　　　　　　　　　　　　/n"]</d>
    <d p="0.60000002384186,7,3,3381759,1336651680,1,deadbeef,344648498">["350","200","0.9-0.9","6.5","　　　　　　　　　　　　　　　　　　　　　　　　　　　　　　　　　/n　　　　　　　　　　　　　　　　　　　　　　　　　　　　　　　　　/n　　　　　　　　　　　　　　　　　　　　　　　　　　　　　　　　　/n　　　　　　　　　　　　　　　　　　　　　　　　　　　　　█　　　/n　　　　　　　　　　　　　　　　　　　　　　　　　　　　　　　　　/n　　　　　　　　　　　　　　█　　　　　　　　　　　　█　　　　　/n　　　　　　　　　　　　　　　　　　　　　　　　　　　　　　　　　/n"]</d>
    <d p="0.60000002384186,7,3,3381759,1336651680,1,deadbeef,160191971">["350","235","0.9-0.9","6.5","　　　　　　　　　　　　　　　　　　　　　　　　　　　　　　　　　/n　　　　　　　　　　　　　　　　　　　　　　　　　　　　　　　　　/n　　　　　　　　　　　　　　　　　　　　　　　　　　　　　　　　　/n　　　　　　　　　　　　　　　　　　　　　　　　　　　　　　　　　/n　　　　　　　　　　　　　　　　　　　　　　　　　　　　　　　　　/n　　　　　　　　　　　　　　　　　　　　　　　　　　　　　　　　　/n　　　　　　　　　　　　　　　　　　　　　　　　　　　　　　　　　/n"]</d>
    <d p="0.60000002384186,7,3,3381759,1336651680,1,deadbeef,1088223863">["350","270","0.9-0.9","6.5","　　　　　　　　　　　　　　　　　　　　　　　　　　　　　　　　　/n　　　　　　　　　　　　　　　　　　　　　　　　　　　　　　　　　/n　　　　　　　　　　　　　　　　　　　　　　　　　　　　　　　　　/n　　　　　　　　　　　　　　　　　　　　　　　　　　　　　　　　　/n　　　　　　　　　　　　　　　　　　　　　　　　　　　　　　　　　/n　　　　　　　　　　　　　　　　　　　　　　　　　　　　　　　　　/n　　　　　　　　　　　　　　　　　　　　　　　　　　　　　　　　　/n"]</d>
    <d p="0.60000002384186,7,3,3381759,1336651680,1,deadbeef,143640220">["350","305","0.9-0.9","6.5","　　　　　　　　　　　　　　　　　　　　　　　　　　　　　　　　　/n　　　　　　　　　　　　　　　　　　　　　　　　　　　　　　　　　/n　　　　　　　　　　　　　　　　　　　　　　　　　　　　　　　　　/n　　　　　　　　　　　　　　　　　　　　　　　　　　　　　　　　　/n　　　　　　　　　　　　　　　　　　　　　　　　　　　　　　　　　/n　　　　　　　　　　　　　　　　　　　　　　　　　　　　　　　　　/n　　　　　　　　　　　　　　　　　　　　　　　　　　　　　　　　　/n"]</d>
    <d p="0.60000002384186,7,3,3381759,1336651680,1,deadbeef,1262874000">["350","340","0.9-0.9","6.5","　　　　　　　　　　　　　　　　　　　　　　　　　　　　　　　　　/n　　　　　　　　　　　　　　　　　　　　　　　　█　　　　　　　　/n　　　　　　　　　　　　　　　　　　　　　　　　　　　　　█　　　/n　　　　　　　　　　　　　　█　　　　　　　　　　　　　█　　　　"]</d>
    <d p="0.60000002384186,7,3,3381759,1336651680,1,deadbeef,1312879939">["355","25","1.0-1.0","6.5","　　　　　　　　　　　　█████████　　　　　　　　/n　　　　　　　　　　█████████████　　　　　　/n　　　　　　　　████████████████　　　　　/n　　　　　　　██████████████████　　　　/n　　　　　　████████████████████　　　/n　　　　　██████████████████████　　/n　　　　　███████████████████████　/n　　　　　███████████████████████　/n"]</d>
    <d p="0.60000002384186,7,3,3381759,1336651680,1,deadbeef,1284706966">["355","65","1.0-1.0","6.5","　　　　　　███████████████████████/n　　　　　　　██████████████　███████/n　　　　　　　██████████████　　██████/n　　　　　　　█████████████　　　██████/n　　　　　　　████████████　　　　██████/n　　　　　　　██████　　　██　　　　　　█████/n　　　　　　　████　　　　　█　　　　　　　　████/n　　　　　　　███　　　　　　　　　　　　　　　████/n"]</d>
    <d p="0.60000002384186,7,3,3381759,1336651680,1,deadbeef,2048772263">["355","105","1.0-1.0","6.5","　　　█　　　████　　　　　　　　　　　　　　████/n　　　█　　　████　　　　　　　　　　　　　　████/n　　　██　█████　　　　　　　　　　　　　　████/n　　　████████　　　　　　　　　　　　　　████/n　　　██████　　　　　　　　　　　　　　　　█　██/n　　███████　　　　　　　　　　　　　　　　█　　　/n　　██████　　　　　　　　　　　　　　　　　██　　/n　██████　　　　　　　　　　　　　　　　　　███　/n"]</d>
    <d p="0.60000002384186,7,3,3381759,1336651680,1,deadbeef,1542831240">["355","145","1.0-1.0","6.5","　████　　　　　　　　　　　　　　　　　　　　███　/n███　　　████　　　　　█　　　██　　　　　██　/n　　　　　███　　　　　　　　　　　　█　　　　　　　　/n　　　　　　　　　　　　　　　　　　　　█　　　　　　　　/n　　　　　　　　　　　　　　　　　　　　　　　　　　　　　/n　　　　　　　　　　　　　　　　　　　　　　　　　　　　　/n　　　　　　　　　　　　　　　　　　　　　　　　　　　　　/n　　　　　　　　　　　　　　　　　　　　　　　　　　　　　/n"]</d>
    <d p="0.60000002384186,7,3,3381759,1336651680,1,deadbeef,1266942324">["355","185","1.0-1.0","6.5","　　　　　　　　　　　　　　　　　　　　　　　　　　　　　/n　　　　　　　　　　　　　　　　　　　　　　　　　　　　　/n　　　　　　　　　　　　　　　　　　　　　　　　　　　　　/n　　　　　　　　　　　　　　　　　　　　　　　　　　　　　/n　　　　　　　　　　　　　　　　　　　　　　　　　　　　　/n　　　　　　　　　　　　　　　　　　　　　　　　　　　██/n　　　　　　　　　　　　██　　　　　　　　　　　　██　/n　　　　　　　　　　　　　████　　　　█　████　　/n"]</d>
    <d p="0.60000002384186,7,3,3381759,1336651680,1,deadbeef,442749185">["355","225","1.0-1.0","6.5","　　　　　　　　　　　　　　████████████　　　/n　　　　　　　　　　　　　　　　████████　　　　　/n　　　　　　　　　　　　　　　　　　　　　　　　　　　　　/n　　　　　　　　　　　　　　　　　　　　　　　　　　　　　/n　　　　　　　　　　　　　　　　　　　　　　　　　　　　　/n　　　　　　　　　　　　　　　　　　　　　　　　　　　　　/n　　　　　　　　　　　　　　　　　　　　　　　　　　　　　/n　　　　　　　　　　　　　　　　　　　　　　　　　　　　　/n"]</d>
    <d p="0.60000002384186,7,3,3381759,1336651680,1,deadbeef,1987767327">["355","265","1.0-1.0","6.5","　　　　　　　　　　　　　　　　　　　　　　　　　　　　　/n　　　　　　　　　　　　　　　　　　　　　　　　　　　　　/n　　　　　　　　　　　　　　　　　　　　　　　　　　　　　/n　　　　　　　　　　　　　　　　　　　　　　　　　　　　　/n　　　　　　　　　　　　　　　　　　　　　　　　　　　　　/n　　　　　　　　　　　　　　　　　　　　　　　　　　　　　/n　　　　　　　　　　　　　　　　　　　　　　　　　　　　　/n　　　　　　　　　　　　　　　　　　　　　　　　　　　　　/n"]</d>
    <d p="0.60000002384186,7,3,3381759,1336651680,1,deadbeef,1553343525">["355","305","1.0-1.0","6.5","　　　　　　　　　　　　　　　　　　　　　　　　　　　　　/n　　　　　　　　　　　　　　　　　　　　　　　　　　　　　/n　　　　　　　　　　　　　　　　　　　　　　　　　　　　　/n　　　　　　　　　　　　　　　　　　　　　　　　　　　　　/n　　　　　　　　　　　　　　　　　　　　　　　　　　　　　/n　　　　　　　　　　　　　　　　　　　　　　　　　　　　　/n　　　　　　　　　　　　　　　　　　　　　　　　　　　　　/n　　　　　　　　　　　　　　　　　　　　　　　　　　　　　/n"]</d>
    <d p="0.60000002384186,7,3,3381759,1336651680,1,deadbeef,1427840225">["355","345","1.0-1.0","6.5","　　　　　　　　　█　　　　　　　　　　　　　　　　　　　/n　　　　　　　　　██　██　　　　　　　　　█　　██　/n　　　　　　　　　█　　　　　　　　　　　　　　　　█　　"]</d>
    <d p="0.60000002384186,7,3,6724095,1336651680,1,deadbeef,669629382">["425","30","0.2-0.2","6.5","　　　　　　　　　　█　　　　　/n　　　　　　　　　　　　　　　　/n　　　　　　　　　　　　　　　　/n　　　　　　　　　　　　　　　　/n　　　　　　　　　　　　　　　　/n　　　　　　　　　　　　　　　　/n　　　　　　　　　　　　　　　　/n　　　　　　　　　　　　　　　　/n　　　　　　　　　　　　　　　　/n　　　　　　　　　　　　　　　　/n　　　　　　　　　　　　　　　　/n　　　　　　　　　　　　　　　　/n　　　　　　　　　　　　　　　　/n　　　　　　　　　　　　　　　　/n"]</d>
    <d p="0.60000002384186,7,3,6724095,1336651680,1,deadbeef,1807331922">["425","100","0.2-0.2","6.5","　　　　　　　　　　　　　　　　/n　　　　　　　　　　　　　　　　/n　　　　　　　　　　　　　　　　/n　　　　　　　　　　　　　　　　/n　　　　　　　　　　　　　　　　/n　　　　　　　　　　　　　　　　/n　　　　　　　　　　　　　　　　/n　　　　　　　　　　　　　　　　/n　　　　　　　　　　　　　　　　/n　　　　　　　　　　　　　　　　/n　　　　　　　　　　　　　　　　/n　　　　　　　　　　　　　　　　/n　　　　　　　　　　　　　　　　/n　　　　　　　　　　　　　　　　/n"]</d>
    <d p="0.60000002384186,7,3,6724095,1336651680,1,deadbeef,309737370">["425","170","0.2-0.2","6.5","　　　　　　　　　　　　　　　　/n　　　　　　　　　　　　　　　　/n　　　　　　　　　　　　　　　　/n　　　　　　　　　　　　　　　　/n　　　　　　　　　　　　　　　　/n　　　　　　　　　　　　　　　　/n　　　　　　　　　　　　　　　█/n　　　　　　　　　　　　　　　　/n　　　　　　　　　　　　　　　　/n　　　　　　　　　　　　　　　█/n　　　　　　　　　　　　　　　　/n　　　　　　　　　　　　　　　　/n　　　　　　　　　　　　　　　　/n　　　　　　　　　　　　　　　　/n"]</d>
    <d p="0.60000002384186,7,3,6724095,1336651680,1,deadbeef,1294032664">["425","240","0.2-0.2","6.5","　　　　　　　　　　　　　　　　/n　　　　　　　　　　　　　　　　/n　　　　　　　　　　　　　　　　/n　　　　　　　　　　　　　　　　/n　　　　　　　　　　　　　　　　/n　　　　　　　　　　　　　　　　/n　　　　　　　　　　　　　　　　/n　　　　　　　　　　　　　　　　/n　　　　　　　　　　　　　　　　/n　　　　　　　　　　　　　　　　/n　　　　　　　　　　　　　　　　/n　　　　　　　　　　　　　　　　/n　　　　　　　　　　　　　　　　/n　　　　　　　　　　　　　　　　/n"]</d>
    <d p="0.60000002384186,7,3,6724095,1336651680,1,deadbeef,2097771611">["425","310","0.2-0.2","6.5","　　　　　　　　　　　　　　　　/n　　　　　　　　　　　　　　　　/n　　　　　　　　　　　　　　　　/n　　　　　　　　　　　　　　　　/n　　　　　　　　　　　　　　　　/n　　　　　　　　　　　　　　　　/n　　　　　　　　　　　　　　　　/n　　　　　　　　　　　　　　　　/n　　　　　　　　　　　　　　　　/n█　　　　　　　　　　　　　█　"]</d>
    <d p="0.60000002384186,7,3,6737151,1336651680,1,deadbeef,1255600853">["375","45","0.2-0.2","6.5","　　　　　　　　　　　　　　　　　　　　　　　█/n█　　　　　　　　　　　　　　　　　　　　　　　"]</d>
    <d p="0.60000002384186,7,3,6724095,1336651680,1,deadbeef,638099549">["345","60","0.9-0.9","6.5","　　　　　　　　　　　　　　　　　　　　　　　　　　　　　　█/n　　　　　　　　　　　　　　　　　　　　　　　　　　　　　　　/n　　　　　　　　　　　　　　　　　　　　　　　　　　　　　　　/n　　　　　　　　　　　　　　　　　　　　　　　　　　　　　　　/n　　　　　　　　　　　　　　　　　　　　　　　　　　　　　　　/n　　　　　　　　　　　　　　　　　　　　　　　　　　　　　　　/n　　　　　　　　　　　　　　　　　　　　　　　　　　　　　　　/n　　　　　　　　　　　　　　　　　　　　　　　　　　　　　　　/n"]</d>
    <d p="0.60000002384186,7,3,6724095,1336651680,1,deadbeef,1269320210">["345","100","0.9-0.9","6.5","　　　　　　　　　　　　　　　　　　　　　　　　　　　　　　　/n　　　　　　　　　　　　　　　　　　　　　　　　　　　　　　　/n　　　　　　　　　　　　　　　　　　　　　　　　　　　　　　　/n　　　　　　　　　　　　　　　　　　　　　　　　　　　　　　　/n　　　　█　　　　　　　　　　　　　　　　　　　　　　　　　　/n　　　　　　　　　　　　　　　　　　　　　　　　　　　　　　　/n　　　　　　　　　　　　　　　　　　　　　　　　　　　　　　　/n"]</d>
    <d p="0.60000002384186,7,3,6724095,1336651680,1,deadbeef,1655834315">["345","135","0.9-0.9","6.5","　　　█　　　　　　　　　　　　　　　　　　　　　　　　　　　/n　　　　　　　　　　　　　　　　　　　　　　　　　　　　　　　/n　　　　　　　█　　　　　　　　　　　　　　　　　　　　　　　/n　　　　　█　█　　　　█　　　　　　　　　　　　　　　　　　/n██　　　　　　　　█　　　　　　█　　　　　　　　　　　　　/n　　　　　　　　　　　　　　　　　█　　　　　　　　　　　　　/n　　　　　　　　　　　　　　　　　　　　　　　　　　　　　　　/n"]</d>
    <d p="0.60000002384186,7,3,6724095,1336651680,1,deadbeef,1347988237">["345","170","0.9-0.9","6.5","　　　　　　　　　　　　　　　　　█　　　　　　　　　　　　　"]</d>
    <d p="0.60000002384186,7,3,16777215,1336651680,1,deadbeef,1677105675">["370","65","0.4-0.4","6.5","█　　　　　　　　　　　　　　　　　　　　　　　　　/n　　　　　　　　　　　　　　　　　　　　　　　　　　/n　　　　　　　　　　　　　　　　　　　　　　　　　　/n　　　　　　　　　　　　　　　　　　　　　　　　　　/n　　　　　　　　　　　　　　　　　　　　　　　　　　/n　　　　　　　　　　　　　　　　　　　　　　　　　　/n　　　　　　　　　　　　　　　　　　　　　　　　　　/n　　　　　　　　　　　　　　　　　　　　　　　　　　/n　　　　　　　　　　　　　　　　　　　　　　　　　　/n"]</d>
    <d p="0.60000002384186,7,3,16777215,1336651680,1,deadbeef,1210179841">["370","110","0.4-0.4","6.5","　　　　　　　　　　　　　　　　　　　　　　　　　　/n　　　　　　　　　　　　　　　　　　　　　　　　　　/n　　　　　　　　　　　　　　　　　　　　　　　　　　/n　　　　　　　　　　　　　　　　　　　　　　　　　　/n　　　　　　　　　　　　　　　　　　　　　　　　　　/n　　　　　　　　　　　　　　　　　　　　　　　　　　/n　　　　　　　　　　　　　　　　　　　　　　　　　　/n　　　　　　　　　　　　　　　　　　　　　　　　　　/n　　　　　　　　　　　　　　　　　　　█　　　　　　/n"]</d>
    <d p="0.60000002384186,7,3,16777215,1336651680,1,deadbeef,129280833">["370","155","0.4-0.4","6.5","　　　　　　　　　　　　　　　　　　　　　　　　　　/n　　　　　　　　　　　　　　　　　　　　　　　　　　/n　　　　　　　　　　　　　　　　　　　　　　　　　　/n　　　　　　　　　　　　　　　　　　　　　　　　　　/n　　　　　　　　　　　　　　　　　　　　　　　　　　/n　　　　　　　　　　　　█　　　　　　　　　　　　　/n　　　　　　　　　　　　█　　　　　　　　　　　　　/n　　　　　　　　　　　　　　　　　　　　　　　　　　/n　　　　　　　　　　　█　　　　　　　　　　　　█　/n"]</d>
    <d p="0.60000002384186,7,3,16777215,1336651680,1,deadbeef,258916376">["370","200","0.4-0.4","6.5","　　　　　　　　　　█　　　　　　　　　　　　　　　/n　　　　　　　　　　　　　　　　　　　　　　　　　　/n　　　　　　　　　　　　　　　　　　　　　　　　　　/n　　　　　　　　　　　　　　　　　　　　　　　　　　/n　　　　　　　　　　　　　　　　　　　　　　　　　　/n　　　　　　　　　　　　　　　　　　　　　　　　　　/n　　　　　　　　　　　　　　　　　　　　　　　　　　/n　　　　　　　　　　　　　　　　　　　　　　　　　　/n　　　　　　　　　　　　　　　　　　　　　　　　　　/n"]</d>
    <d p="0.60000002384186,7,3,16777215,1336651680,1,deadbeef,1334916843">["370","245","0.4-0.4","6.5","　　　　　　　　　　　　　　　　　　　　　　　　　　/n　　　　　　　　　　　　　　　　　　　　　　　　　　/n　　　　　　　　　　　　　　　　　　　　　　　　　　/n　　　　　　　　　　　　　　　　　　　　　　　　　　/n　　　　　　　　　　　　　　　　　　　　　　　　　　/n　　　　　　　　　　　　　　　　　　　　　　　　　　/n　　　　　　　　　　　　　　　　　　　　　　　　　　/n　　　　　　　　　　　　　　　　　　　　　　　　　　/n　　　　　　　　　　　　　　　　　　　　　　　　　　/n"]</d>
    <d p="0.60000002384186,7,3,16777215,1336651680,1,deadbeef,1097860807">["370","290","0.4-0.4","6.5","　　　　　　　　　　　　　　　　　　　　　　　　　　/n　　　　　　　　　　　　　　　　　　　　　　　　　　/n　　　　　　　　　　　　　　　　　　　　　　　　　　/n　　　　　　　　　　　　　　　　　　　　　　　　　　/n　　　　　　　　　　　　　　　　　　　　　　　　　　/n　　　　　　　　　　　　　　　　　　　　　　　　　　/n　　　　　　　　　　　　　　　　　　　　　　　　　　/n　　　　　　　　　　　　　　　　　　　　　　　　　　/n　　　　　　　　　　　　　　　　　　　　　　　　　　/n"]</d>
    <d p="0.60000002384186,7,3,16777215,1336651680,1,deadbeef,101989839">["370","335","0.4-0.4","6.5","　　　　　　　　　　　　　　　　　　　　　　　　　　/n　　　　　　　　　　　　　　　　　　　　　　　　　█/n　　　　　　　　　　　　　　　　　　　　　　　　　　/n　　　　　　　　　　　　　　　　　　　　　　　　　　/n　　　　　　　　　　　　　　　　　　　　　　　　　　/n　　　　　　　　　　　　　　　　　　　　　　　　　　/n　　　　　　　　　　　　　　　　　　█　　　　　　　/n　　　　　　　　　　　　　　　　　　　　　　　█　　"]</d>
    <d p="0.60000002384186,7,3,13434879,1336651680,1,deadbeef,880908270">["375","65","1.0-1.0","6.5","█　　　　　　　　　　　　　　　　　　　　　　　/n　　　　　　　　　　　　　　　　　　　　　　　　/n　　　　　　　　　　　　　　　　　　　　　　　　/n　　█　　　　　　　　　　　　　　　　　　　　　/n　　　　　　　　　　　　　　　　　　　　　　　　/n　　　　　　　　　　　　　　　　　　　　　　　　/n　　　　　　　　　　　　　　　　　　　　　　　　/n　　　　　　　　　　　　　　　　　　　　　　　　/n█　　　　　　　　　　　　　　　　　　　　　　　/n　██　　　　　　　　　　　　　　　　　　　　　/n"]</d>
    <d p="0.60000002384186,7,3,13434879,1336651680,1,deadbeef,1479484408">["375","115","1.0-1.0","6.5","　　　　　　　　　　　　　　　　　　　　　　　　/n　　　　　　　　　　　　　　　　　　　　　　　　/n　　　　　　　　　　　　　　　　　　　　　　　　/n　　　　　　　　　　　　　　　　　　　　　　　　/n　　　　　　　　　　　　　　　　　　　　　　　　/n　　　　　　　　　　　　　　　　　　　　　　　　/n　　　　　　　　　　　　　　　　　　　　　　　　/n　　　　　　　　　　　　　　　　　　　　　　　　/n　　　　　　　　　　　　　　　　　　　　　　　　/n　　　　　　　　　　　　　　　　　　　　　　　　/n"]</d>
    <d p="0.60000002384186,7,3,13434879,1336651680,1,deadbeef,615445049">["375","165","1.0-1.0","6.5","　　　　　　　　　　　　　　　　　　　　　　　　/n　　　　　　　　　　　　　　　　　　　　　　　　/n　　　　　　　　　　　　　　　　　　　　　　　　/n　　　　　　　　　　　　　　　　　　　　　　　　/n　　　　　　　　　　　　　　　　　　　　　　　　/n　　　　　　　　　　　　　　　　　　　　　　　　/n　　　　　　　　　　　　　　　　　　　　　　　　/n　　　　　　　　　　　　　　　　　　　　　　　　/n　　　　　　　　　　　　　　　　　　　　　　　　/n　　　　　　　　　　　　　　　　　　　　　　　　/n"]</d>
    <d p="0.60000002384186,7,3,13434879,1336651680,1,deadbeef,136613274">["375","215","1.0-1.0","6.5","　　　　　　　　　　　　　　　　　　　　　　　　/n　　　　　　　　　　　　　　　　　　　　　　　　/n　　　　　　　　　　　　　　　　　　　　　　　　/n　　　　　　　　　　　　　　　　　　　　　　　　/n　　　　　　　　　　　　　　　　　　　　　　　　/n　　　　　　　　　　　　　　　　　　　　　　　　/n　　　　　　　　　　　　　　　　　　　　　　　　/n　　　　　　　　　　　　　　　　　　　　　　　　/n　　　　　　　　　　　　　　　　　　　　　　　　/n　　　　　　　　　　　　　　　　　　　　　　　　/n"]</d>
    <d p="0.60000002384186,7,3,13434879,1336651680,1,deadbeef,1618605010">["375","265","1.0-1.0","6.5","　　　　　　　　　　　　　　　　　　　　　　　　/n　　　　　　　　　　　　　　　　　　　　　　　　/n　　　　　　　　　　　　　　　　　　　　　　　　/n　　　　　　　　　　　　　　　　　　　　　　　　/n　　　　　　　　　　　　　　　　　　　　　　　　/n　　　　　　　　　　　　　　　　　　　　　　　　/n　　　　　　　　　　　　　　　　　　　　　　　　/n　　　　　　　　　　　　　　　　　　　　　　　　/n　　　　　　　　　　　　　　　　　　　　　　　　/n　　　　　　　　　　　　　　　　　　　　　　　　/n"]</d>
    <d p="0.60000002384186,7,3,13434879,1336651680,1,deadbeef,846920840">["375","315","1.0-1.0","6.5","　　　　　　　　　　　　　　　　　　　　　　　　/n　　　　　　　　　　　　　　　　　　　　　　　　/n　　　　　　　　　　　　　　　　　　　　　　　　/n　　　　　　　　　　　　　　　　　　　　　　　　/n　　　　　　　　　　　　　　　　　　　　　　　　/n　　　　　　　　　　　　　　　　　　　　　　　　/n　　　　　　█　　　　　　　　　　　　　█　　█/n　　　　　　　　　　　　　　　　　　　　　　　　/n　　　　　　　　　　　　　　　　　　　　██　　/n　　　　　　　　　　　　　　　　　　　　　　█　"]</d>
    <d p="0.60000002384186,7,3,3381708,1336651680,1,deadbeef,1243706937">["380","65","1.0-1.0","6.5","█　　　　　　　　　　　　　　　　　　　　　　　　/n　　　　　　　　　　　　　　　　　　　　　　　　　/n　　　　　　　　　　　　　　　　　　　　　　　　　/n　　　　　　　　　　　　　　　　　　　　　　　　　/n　　　　　　　　　　　　　　　　　　　　　　　　　/n　　　　　　　　　　　　　　　　　　　　　　　　　/n　　　　　　　　　　　　　　　　　　　█　　　　　/n　　　　　　　　　　　　　　　　　　　　　　　　█/n　　　　　　　　　　　　　　　　　　　　　　　　　/n"]</d>
    <d p="0.60000002384186,7,3,3381708,1336651680,1,deadbeef,1614138893">["380","110","1.0-1.0","6.5","　　　　　　　　　　　　　　　　　　　　　　　　　/n　　　　　　　　　　　　　　　　　　　　　　　　　/n　　　　　　　　　　　　　　　　　　　　　　　　　/n　　　　██　　　　　　　　　　　　　　　　　　　/n　　　　　　█　　　　　　　　　　　　　　　　　　/n　　　　　　　　　　　　　　　　　　　　　　　　　/n　　　　　　　　　　　　　　　　　　　　　　　　　/n　　　　　　　　　　　　　　　　　　　　　　　　　/n　　　　　　　　　　　　　　　　　　　　　　　　　/n"]</d>
    <d p="0.60000002384186,7,3,3381708,1336651680,1,deadbeef,1988818476">["380","155","1.0-1.0","6.5","　　　　　　　　　　　　　　　　　　　　　　　　　/n　　　　　　　　　　　　　　　　　　　　　　　　　/n　　　　　　　　　　　　　　　　　　　　　　　　　/n　　　　　　　　　　　　　　　　　　　　　　　　　/n　　　　　　　　　　　　　　　　　　　　　　　　　/n　　　　　　　　　　　　　　　　　　　　　　　　　/n　　　　　　　　　　　　　　　　　　　　　　　　　/n　　　　　　　　　　　　　　　　　　　　　　　　　/n　　　　　　　　　　　　　　　　　　　　　　　　　/n"]</d>
    <d p="0.60000002384186,7,3,3381708,1336651680,1,deadbeef,649304696">["380","200","1.0-1.0","6.5","　　　　　　　　　　　　　　　　　　　　　　　　　/n　　　　　　　　　　　　　　　　　　　　　　　　　/n　　　　　　　　　　　　　　　　　　　　　　　　　/n　　　　　　　　　　　　　　　　　　　　　　　　　/n　　　　　　　　　　　　　　　　　█　　　　█　　/n　　　　　　　　　　　　　　　　　　　　　　　　　/n　　　　　　　　　　　　　　　　　　　█　　　　　/n　　　　　　　　　　　　　　　　　　　　　　　　　/n　　　　　　　　　　　　　　　　　　　　　　　　　/n"]</d>
    <d p="0.60000002384186,7,3,3381708,1336651680,1,deadbeef,43174955">["380","245","1.0-1.0","6.5","　　　　　　　　　　　　　　　　　　　　　　　　　/n　　　　　　　　　　　　　　　　　　　　　　　　　/n　　　　　　　　　　　　　　　　　　　　　　　　　/n　　　　　　　　　　　　　　　　　　　　　　　　　/n　　　　　　　　　　　　　　　　　　　　　　　　　/n　　　　　　　　　　　　　　　　　　　　　　　　　/n　　　　　　　　　　　　　　　　　　　　　　　　　/n　　　　　　　　　　　　　　　　　　　　　　　　　/n　　　　　　　　　　　　　　　　　　　　　　　　　/n"]</d>
    <d p="0.60000002384186,7,3,3381708,1336651680,1,deadbeef,103105522">["380","290","1.0-1.0","6.5","　　　　　　　　　　　　　　　　　　　　　　　　　/n　　　　　　　　　　　　　　　　　　　　　　　　　/n　　　　　　　　　　　　　　　　　　　　　　　　　/n　　　　　　　　　　　　　　　　　　　　　　　　　/n　　　　　　　　　　　　　　　　　　　　　　　　　/n　　　　　　　　　　　　　　　　　　　　　　　　　/n　　　　　　　　　　　　　　　　　　　　　　　　　/n　　　　　　　　　　　　　　　　　　　　　　　　　/n　　　　　　　　　　　　　　　　　　　　　　　　　/n"]</d>
    <d p="0.60000002384186,7,3,3381708,1336651680,1,deadbeef,1228216401">["380","335","1.0-1.0","6.5","　　　　　　　　　　　　　　　　　　　　　　　　　/n　　　　　　　　　　　　　　　　　　　　　　　　　/n　　　　　　　　　　　　　　　　　　　　　　　　　/n　　　　　　　　　　　　　　　　　　　█　　　　　"]</d>
    <d p="0.60000002384186,7,3,16777215,1336651680,1,deadbeef,2055082915">["370","70","0.9-0.9","6.5","█　　　　　　　　　　　　　　　　　　　　　　　　/n　　　　　　　　　　　　　　　　　　　　　　　　　/n　　　　　　　　　　　　　　　　　　　　　　　　　/n█　　　　　　　　　　　　　　　　　　　　　　　　/n█　　　　　　　　　　　　　　　　　　　　　　　　/n　　　　　　　　　　　　　　　　　　　　　　　　　/n　　　　　　　　　　　　　　　　　　　　　　　　　/n　　　　　　　　　　　　　　　　　　　　　　　　　/n　　　　　　　　　　　　　　　　　　　　　　　　　/n"]</d>
    <d p="0.60000002384186,7,3,16777215,1336651680,1,deadbeef,113268292">["370","115","0.9-0.9","6.5","　　　　　　　　　　　　　　　　　　　　　　　　　/n　　　　　　　　　　　　　　　　　　　　　　　　　/n　　　　　　　　　　　　　　　　　　　　　　　　　/n　　　　　　　　　　　　　　　　　　　　　　　　　/n　　　　　　　　　　　　　　　　　　　　　　　　　/n　　　　　　　　　　　　　　　　　　　　　　　　　/n　　　　　　　　　　　　　　　　　　　　　　　　　/n　　　　　　　　　　　　　　　　　　　　　　　　　/n　　　　　　　　　　　　　　　　　　　　　　　　　/n"]</d>
    <d p="0.60000002384186,7,3,16777215,1336651680,1,deadbeef,988116812">["370","160","0.9-0.9","6.5","　　　　　　　　　　　█　　　　　　　　　　　　　/n　　　　　　　　　　　　　　　　　　　　　　　　　/n　　　　　　　　　　　　　　　　　　　　　　　　　/n　　　　　　　　　　　　　　　　　　　　　　　　　/n　　　　　　　　　　　　　　　　██　　　　　　　/n　　　　　　　　　　　　　　　　　　　　　█　　　/n　　　　　　　　　　　　　　　　　　　　　　　　　/n　　　　　　　　　　　　　　　　　　　　　　　█　/n　　　　　　　　　　　　　　　　　　　　　　　　█/n"]</d>
    <d p="0.60000002384186,7,3,16777215,1336651680,1,deadbeef,712069718">["370","205","0.9-0.9","6.5","　　　　　　　　　　█　　　　　　　　　　　　　　/n　　　　　　　　　　　　　　　　　　　　　　　　　/n　　　　　　　　　　　　　　　　　　　　　　　　　/n　　　　　　　　　　　　　　　　　　　　　　　　　/n　　　　　　　　　　　　　　　　　　　　　　　　　/n　　　　　　　　　　　　　　　　　　　　　　　　　/n　　　　　　　　　　　　　　　　　　　　　　　　　/n　　　　　　　　　　　　　　　　　　　　　　　　　/n　　　　　　　　　　　　　　　　　　　　　　　　　/n"]</d>
    <d p="0.60000002384186,7,3,16777215,1336651680,1,deadbeef,341334181">["370","250","0.9-0.9","6.5","　　　　　　　　　　　　　　　　　　　　　　　　　/n　　　　　　　　　　　　　　　　　　　　　　　　　/n　　　　　　　　　　　　　　　　　　　　　　　　　/n　　　　　　　　　　　　　　　　　　　　　　　　　/n　　　　　　　　　　　　　　　　　　　　　　　　　/n　　　　　　　　　　　　　　　　　　　　　　　　　/n　　　　　　　　　　　　　　　　　　　　　　　　　/n　　　　　　　　　　　　　　　　　　　　　　　　　/n　　　　　　　　　　　　　　　　　　　　　　　　　/n"]</d>
    <d p="0.60000002384186,7,3,16777215,1336651680,1,deadbeef,2112887244">["370","295","0.9-0.9","6.5","　　　　　　　　　　　　　　　　　　　　　　　　　/n　　　　　　　　　　　　　　　　　　　　　　　　　/n　　　　　　　　　　　　　　　　　　　　　　　　　/n　　　　　　　　　　　　　　　　　　　　　　　　　/n　　　　　　　　　　　　　　　　　　　　　　　　　/n　　　　　　　　　　　　　　　　　　　　　　　　　/n　　　　　　　　　　　　　　　　　　　　　█　　　/n　　　　　　　　　　█　　　　　　　　　　█　　　/n　　　　　　█　　　█　　　　　　　　　　█　　　/n"]</d>
    <d p="0.60000002384186,7,3,16777215,1336651680,1,deadbeef,1702875118">["370","340","0.9-0.9","6.5","　　　　　　█　　　　　　　　　　　　　　　　　　/n　　　　　　　　　　　　　　　　　　　　　　　　　/n　　　　　　　　　　　　　　　　　　　　　　　　　/n　　　　　　　　　　　　　　　　　　　　　　　　　/n　　　　　　　　　　　　　　　　　　　█　　　　　/n　　　　　　　　　　█　　　　　　　　　　　　█　/n　　　　　　█　　　█　　　　　　　　　██　　　"]</d>
    <d p="0.60000002384186,7,3,16777215,1336651680,1,deadbeef,465336820">["370","70","1.0-1.0","6.5","　██　　　　　　　　　　　　　　　　　　　　　　/n███　　　　　　　　　　　　　　　　　　　　　　/n███　　　　　　　　　　　　　　　　　　　　　　/n　███　　　　　　　　　　　　　　　　　　　　　/n　███　　　　　　　　　　　　　　　　　　　　　/n　███　　　　　　　　　　　　　　　　　　　　　/n　███　　　　　　　　　　　　　　　　　　　　　/n　　██　　　　　　　　　　　　　　　　　　　　　/n　　　　　　　　　　　　　　　　　　　　　　　　　/n"]</d>
    <d p="0.60000002384186,7,3,16777215,1336651680,1,deadbeef,1755411762">["370","115","1.0-1.0","6.5","　　　　　　　　　　　　　　　　　　　　　　　　　/n　　　　　　　　　　　　　　　　　　　　　　　　　/n　　　　　　　　　　　　　　　　　　　　　　　　　/n　　　　　　　　　　　　　　　　　　　　　　　　　/n　　　　　　　　　　　　█　　　　　　　　　　　　/n　　　　　　　　　　　　██　█　　　　　　　　　/n　　　　　　　　　　█　　█　　　　　　　　　　　/n　　　　　　　　　███　　　　　　█　　　　　　/n　　　　　　　　　███　　　　　　　　　　　　　/n"]</d>
    <d p="0.60000002384186,7,3,16777215,1336651680,1,deadbeef,400946409">["370","160","1.0-1.0","6.5","　　　　　　　　　　　　　　　　　　　　　　　　　/n　　　　　　　　　　　　　　　　　　　　　　　　　/n　　　　　　　　　　　　　　███　██　　　　　/n　　　　　　　　　　　　　███████　　　　　/n　　　　　　　　　　　　　███　　███　　　　/n　　　　　　　　　　　　　████████　　　　/n　　　　　　　　　　　　　█████████　　　/n　　　　　　　　　　　　███████████　　/n　　　　　　　　　　　█████████████　/n"]</d>
    <d p="0.60000002384186,7,3,16777215,1336651680,1,deadbeef,36664988">["370","205","1.0-1.0","6.5","　　　　　　　　　　　█████████████　/n　　　　　　　　　　　████████████　　/n　　　　　　　　　　　　　█████　　█　　　　/n　　　　　　　　　　　　　　　　　　　　　　　　　/n　　　　　　　　　　　　　　　　　　　　　　　　　/n　　　　　　　　　　　　　　　　　　　　　　　　　/n　　　　　　　　　　　　　　　　　　　　　　　　　/n　　　　　　　　　　　　　　　　　　　　　　　　　/n　　　　　　　　　　　　　　　　　　　　　　　　　/n"]</d>
    <d p="0.60000002384186,7,3,16777215,1336651680,1,deadbeef,1474241792">["370","250","1.0-1.0","6.5","　　　　　　　　　　　　　　　　　　　　　　　　　/n　　　　　　　　　　　　　　　　　　　　　　　　　/n　　　　　　　　　　　　　　　　　　　　　　　　　/n　　　　　　　　　　　　　　　　　　　　　　　　　/n　　　　　　　　　　　　　　　　　　　　　　　　　/n　　　　　　　　　　　　　　　　　　　　　　　　　/n　　　　　　　　　　　　　　　　　　　　　　　　　/n　　　　　　　　　　　　　　　　　　　　　　　　　/n　　　　　　　　　　　　　　　　　　　　　　　　　/n"]</d>
    <d p="0.60000002384186,7,3,16777215,1336651680,1,deadbeef,279478121">["370","295","1.0-1.0","6.5","　　　　　　　　　　　　　　　　　　　　　　　　　/n　　　　　　　　　　　　　　　　　　　　　　　　　/n　　　　　　　　　　　　　　　　　　　　　　　　　/n　　　　　　　　　　　　　　　　　　　　　　　　　/n　　　　　　　　　　　　　　　　　　　　　　　　　/n　　　　　　　　　　　　　　　　　　　　　　　　　/n　　　　　　　█　　　　　　　　　　　　　　███/n　　　　　　　███　　　　　　　　　　　　███/n　　　　　　　███　　　　　　　　　　　　███/n"]</d>
    <d p="0.60000002384186,7,3,16777215,1336651680,1,deadbeef,995227747">["370","340","1.0-1.0","6.5","　　　　　　　███　　　　　　　　　　　████/n　　　　　　　　██　　　　　　　　　　　　██　/n　　　　　　　　　　　　　　　　　　　　　　　　　/n　　　　　　　　　　　　　　　　　　　　█　　　　/n　　　　　　████　　　　　　　　　　███　　/n　　　　　　████　　　　　　　　　████　　/n　　　　　　　███　　　　　　　　　　　　　　　"]</d>
    <d p="0.60000002384186,7,3,3368652,1336651680,1,deadbeef,271622334">["385","70","1.0-1.0","6.5","█　　　　　　　　　　　　　　　　　　　　/n　　　　　　　　　　　　　　　　　　　　　/n　　　　　　　　　　　　　　　　　　　　　/n　　　　　　　　　　　　　　　　　　　　　/n　　　　　　　　　　　　　　　　　　　　　/n　　　　　　　　　　　　　　　　　　　　　/n　　　　　　　　　　　　　　　　　　　　　/n　　　　　　　　　　　　　　　　　　　　　/n　　　　　　　　　　　　　　　　　　　　　/n　　　　　　　　　　　　　　　　　　　　　/n　　　　　　　　　　　　　　　　　　　　　/n"]</d>
    <d p="0.60000002384186,7,3,3368652,1336651680,1,deadbeef,195628778">["385","125","1.0-1.0","6.5","　　　　　　　　　　　　　　　　　　　　　/n　　　　　　　　　　　　　　　　　　█　█"]</d>
    <d p="0.60000002384186,7,3,6724095,1336651680,1,deadbeef,1517318578">["380","70","1.0-1.0","6.5","　　　　　　　　　　　　　　　　█　　　　/n　　　　　　　　　　　　　　　　　　　　　/n　　　　　　　　　　　　　　　　　　　　　/n　　　　　　　　　　　　　　█　　　　　　/n　　　　　　　　　　█　　　　　　　　　　/n　　　　　　　　　　　　　　　　　　　　　/n　　　　　　　　　　　　　　　　　　　　　/n　　　　　　　　　　　　　　　　　　　　　/n　　　　　　　　　　　　　　　　　　　　　/n█　　　　　　　　　　　　　　　　　　　　/n　　　　　　　　　　　　　　　　　　　　　/n"]</d>
    <d p="0.60000002384186,7,3,6724095,1336651680,1,deadbeef,1714036081">["380","125","1.0-1.0","6.5","　　　　　　█　　　　　　　　　　　　　　/n　　　　　　　　　　　　　　　　　　　　　/n　　　　　　　　　　　　　　　　　　　　　/n　　　　　　　　　　　　　　　　　　██　/n　　█████　　　　　　　　　　　　　　/n　　　　　　　　　　　　　　　　　　　　　/n　　　　　　　　　　　　　　　　　　　　　/n　　　　　　　　　　　　　　　　　　　　　/n　　　　　　　　　　　　　　　　　　　　　/n　　　　　　　　　　　　　　　　　　　　　/n　　　　　　　　　　　　　　　　　　　　　/n"]</d>
    <d p="0.60000002384186,7,3,6724095,1336651680,1,deadbeef,678553273">["380","180","1.0-1.0","6.5","　　　　　　　　　　　　　　　　　　　　　/n　　　　　　　　　　　　　　　　　　　　　/n　　　　　　　　　　　　　　　　　　　　　/n　　　　　　　　　　　　　　　　　　　　　/n　　　　　　　　　　　　　　　　　　　　　/n　　　　　　　　　　　　　　　　　　　　　/n　　　　　　　　　　　　　　　　　　　　　/n　　　　　　　　　█　　　　　　　　　　█/n　　　　　　　　　　　　█　　　　　　　　/n　　　　　　　　　　　　　　　　　　　　　/n　　　　　　　　　　　　　　　　　　　　　/n"]</d>
    <d p="0.60000002384186,7,3,6724095,1336651680,1,deadbeef,1312862651">["380","235","1.0-1.0","6.5","　　　　　　　　　　　　　　　　　　　　　/n　　　　　　　　　　　　　　　　　　　　　/n　　　　　　　　　　　　　　　　　　　　　/n　　　　　　　　　　　　　　　　　　　　　/n　　　　　　　　　　　　　　　　　　　　　/n　　　　　　　　　　　　　　　　　　　　　/n　　　　　　　　　　　　　　　　　　　　　/n　　　　　　　　　　　　　　　　　　　　　/n　　　　　　　　　　　　　　　　　　　　　/n　　　　　　　　　　　　　　　　　　　　　/n　　　　　　　　　　　　　　　　　　　　　/n"]</d>
    <d p="0.60000002384186,7,3,6724095,1336651680,1,deadbeef,1613963300">["380","290","1.0-1.0","6.5","　　　　　　　　　　　　　　　　　　　　　/n　　　　　　　　　　　　　　　　　　　　　/n　　　　　　　　　　　　　　　　　　　　　/n　　　　　　　　　　　　　　　　　　　　　/n　　　　　　　　　　　　　　　　　　　　　/n　　　　　　　　　　　　　　　　　　　　　/n　　　　　　　　　　　　　　　　　　　　　/n　　　　　　　　　　　　　　　　　　　　　/n　　　　　　　　　　　　　　　　　　　　　/n　　　　　　　　　　　　　　　　　　　　　/n　　　　　　　　　　　　　　　　　　　　　/n"]</d>
    <d p="0.60000002384186,7,3,6724095,1336651680,1,deadbeef,736898177">["380","345","1.0-1.0","6.5","　　　　　　　　　　　　　　　　　　　　　/n　　　　　　　　　　　　　　　　　　　　█"]</d>
    <d p="0.60000002384186,7,3,6724044,1336651680,1,deadbeef,2075212048">["385","75","1.0-1.0","6.5","█　　　　　　　　　　　　　　　　　　/n　　　　　　　　　　　　　　　　　　　/n　　　　　　　　　　　　　　　　　　　/n　　　　　　　　　　　　　　　　　　　/n　　　　　　　　　　　　　　　　　　　/n　　　　　　　　　　　　　　　　　　　/n　　　　　　　　　　　　　　　　　　　/n　　　　　　　　　　　　　　　　　　　/n　　　　　　　　　　　　　　　　　　　/n　　　　　　　　　　　　　　　　　　　/n　　　　　　　　　　　　　　　　　　　/n　　　　　　　　　　　　　　　　　　　/n"]</d>
    <d p="0.60000002384186,7,3,6724044,1336651680,1,deadbeef,1917510416">["385","135","1.0-1.0","6.5","　　███████　　　　█　████/n　██████　　　　　　　███　　/n█　　　　　　　　　　　　　　　　　　"]</d>
    <d p="0.60000002384186,7,3,13434828,1336651680,1,deadbeef,228805474">["425","75","1.0-1.0","6.5","　　　　　　　█　　　/n　　　　　　　　　　　/n　　　　　　　　　　　/n█　　　　　　　　　　/n　　　　　　　　　　　/n　　　　　　　　　　　/n　　　　　　　　　　　/n　　　　　　　　　　█"]</d>
    <d p="0.60000002384186,7,3,6737151,1336651680,1,deadbeef,1163894330">["375","75","1.0-1.0","6.5","　　　　　　　　　　　　　　　　　　█/n　　　　　　　　　　　　　　　　　　　/n　　　　　　　　　　　　　　　　　　　/n　　　　　　　　　█　　　　█　　　　/n　　　　　　　　　　　　　　　　　　　/n　　　　　　　　　　　　　　　　　　　/n　　　　　　　　　　　　　　　　　　　/n█　　　　　　　　　　　　　　　　　　"]</d>
    <d p="0.60000002384186,7,3,10079487,1336651680,1,deadbeef,1342425150">["415","80","1.0-1.0","6.5","　　　　　　　　█　　　　　　/n　　　　　　　　　　　　　　　/n　　　　　　　　　　　　　　　/n　　　　　█　　　　　　　　　/n　　　　　　　　　　　　　　　/n　　　　　　　　　　　　　　　/n　　　　　　　　　　　　　　　/n　　　　　　　　　　　　　　　/n　　　　　　　　　　　　　　　/n　　　　　　　　　　　　　　　/n　　　　　　　　　　　　　　　/n　　　　　　　　　　　　　　　/n　██　　　　█　　　　　　　/n█　██　　　██　　　　　　/n　　　　　　　　　　　　　　　/n"]</d>
    <d p="0.60000002384186,7,3,10079487,1336651680,1,deadbeef,421690995">["415","155","1.0-1.0","6.5","　　　　　　　　　█　　　　　/n　　　　　　　　　　　　　　　/n　　　　　　　　　█　　　　　/n　　　　　　　　　　　　　　　/n　　　　　　　　　　　　　　　/n　　　　　　　　　　　　　　　/n　　　　　　　　　　　　　　　/n　　　　　　　　　　　　　　　/n　　　　　　　　　　　　　　　/n　　　　　　　　　　　　　　　/n　　　　　　　　　　　　　　　/n　█　　　　　　　　　　　　█/n　　　　　　　　　　█　█　　/n　　　　　　　　　　　　　　　/n　　　　　　　　　　　　　　　/n"]</d>
    <d p="0.60000002384186,7,3,10079487,1336651680,1,deadbeef,1853902883">["415","230","1.0-1.0","6.5","　　　　　　　　　　　　　　　/n　　　　　　　　　　　　　　　/n　　　　　　　　　　　　　　　/n　　　　　　　　　　　　　　　/n　　　　　　　　　　　　　　　/n　　　　　　　　　　　　　　　/n　　　　　　　　　　　　　　　/n　　　　　　　　　　　　　　　/n　　　　　　　　　　　　　　　/n　　　　　　　　　　　　　　　/n　　　　　　　　　　　　　　　/n　　　　　　　　　　　　　　　/n　　　　　　　　　　　　　　　/n　　　　　　　　　　　　　　　/n　　　　　　　　　　　　　　　/n"]</d>
    <d p="0.60000002384186,7,3,10079487,1336651680,1,deadbeef,1551029245">["415","305","1.0-1.0","6.5","　　　　　　　　　　　　　　　/n　　　　　　　　　　　　　　　/n　　　　　　　　　　　　　　　/n　　　　　　　　　　　　　　　/n　　　　　　　　　　　　　　　/n　　　　　　　　　　　　　　　/n　　　　　　　　　　　　　　　/n　　　　　　　　　　　　　　　/n　　　　　　　　　　　　　　　/n　　　　　　　　　　　　　　　/n█　　　　　　　　　　　　　　"]</d>
    <d p="0.60000002384186,7,3,16777113,1336651680,1,deadbeef,1687666927">["425","80","1.0-1.0","6.5","　　　　　　　█/n　　　　　　　█/n　　　　　　　　/n　　　　　　　　/n　　　　　　　　/n　　　　　　　　/n　　　　　　　　/n　　　　　　　　/n　　　　　　█　/n█　　　█　　█/n　　　　　　　　/n　　█　　　　　/n　　　　　　　　/n　　　　　　　　/n　　　　　　　　/n　　　　　　　　/n　　　　　　　　/n　　　　　　　　/n　　　　　　　　/n　　　　　　　　/n　　　　　　　　/n　　　　　　　　/n　　　　　　　　/n　　　　　　　　/n　　　　　　　　/n　　　　　　　　/n"]</d>
    <d p="0.60000002384186,7,3,16777113,1336651680,1,deadbeef,1667456467">["425","210","1.0-1.0","6.5","　　　　　　　　/n　　　　　　　　/n　　　　　　　　/n　　　　　　　　/n　　　　　　　　/n　█　　　　　　"]</d>
    <d p="0.60000002384186,7,3,10066329,1336651680,1,deadbeef,173326848">["410","80","1.0-1.0","6.5","　　　　　　　　　　　█　　　/n　　　　　　　　　　　　　　　/n　　　　　　　　　　　　　　　/n　　　　　　　　　　　　　　　/n　　　　　　　　　█　　　　　/n　　　　　　　　　　　　　　　/n　　　　　　　　　　　　　　　/n　　　　　　　　　　　　　　　/n　　　　　　　　　　　　　　　/n　　　　　　　　　　　　　　　/n　　█　　　　　　　　█　　　/n　　　　　　　　　　　　　　　/n　　　　　　　　　　　　　　　/n　　　　　　　　　　　　　　　/n　　　　　　　　　　　　　　　/n"]</d>
    <d p="0.60000002384186,7,3,10066329,1336651680,1,deadbeef,537062956">["410","155","1.0-1.0","6.5","　　　　　　　　　　　　　　　/n　█　　　　　　　　　　　　　/n　　　　　　　█　　　　　　　/n　█　　　　　　　　　　　　　/n　　　　　　　　　　　　　　　/n　　　　　　　　　　　　　　　/n　　　　　　　　　　　　　　　/n　　　　　　　　　　　　　　　/n　　　　　　　　　　　　　　　/n　　　　　　　　　　　　　　　/n　　　　　　　　　　　　　　　/n　　　　　　　　　　　　　　　/n　　　　　　　　　　　　　　　/n　　　　　　　　　　　　　　　/n　　　　　　　　　　　　　　　/n"]</d>
    <d p="0.60000002384186,7,3,10066329,1336651680,1,deadbeef,1024396064">["410","230","1.0-1.0","6.5","　　　　　　　　　　　　　　　/n　　　　　　　　　　　　　　　/n　　　　　　　　　　　　　　　/n　　　　　　　　　　　　　　　/n　　　█　　　　　　　　　　　/n　　　　　　　　　　　　　██/n　　　　　　　　　　　　　　　/n　　　　　　　　　　　　　　　/n　　　　　　　　　　　　　　　/n　　　　　　　　　　　　　　　/n　　　　　　　　　　　　　　　/n　　　　　　　　　　　　　　　/n　　　　　　　　　　　　　　　/n　　　　　　　　　　　　　　　/n　　　　　　　　　　　　　　　/n"]</d>
    <d p="0.60000002384186,7,3,10066329,1336651680,1,deadbeef,1052496069">["410","305","1.0-1.0","6.5","　　　　　　　　　　　　　　　/n　　　　　　　　　　　　　　　/n　　　　　　　　　　　　　　　/n　　　　　　　　　　　　　　　/n█　　　　　　　　　　　　　　"]</d>
    <d p="0.60000002384186,7,3,16777164,1336651680,1,deadbeef,1162065344">["410","85","1.0-1.0","6.5","　　　　　　　　　█　█　　　　/n　　　　　　　　████　　　　/n　　　　　　　███　　　　　　/n　　　　　████　　　　　　　/n　　　　█████　　　　　　　/n　　　　█████　　　　　　　/n　　　██████　　　　　　　/n　　　██████　　　　　　　/n　　　　█　　　██　　　　　　/n　　　██　　███　　　　　　/n　　　　　　　　　　　　　　　　/n　　　　　　█　　　　　　　　　/n　　　　　　　　　　　　　　　　/n　　　　　　　　　　　　　　　　/n"]</d>
    <d p="0.60000002384186,7,3,16777164,1336651680,1,deadbeef,313476152">["410","155","1.0-1.0","6.5","　　　　　　　　　　　　　　　　/n　　　　　　　　　　　　　　　　/n　　　　　　　　　　　　　　　　/n　　　　　　　　　　　　　　　　/n　█　　　　　　　　　　　　　　/n　　　　　　　　　　　　　　　　/n█　　　　　　　　　　　　　　　/n　　　　　　　　　　　　　　　　/n　　　　　　　　　　　　　　　　/n　　　　　　　　　　　　　　　　/n　　　　　　　　　　　　　　　　/n　　　　　　　　　　　　　　　　/n　　　　　　　　　　　　　　　　/n　　　　　　　　　　　　　　　　/n"]</d>
    <d p="0.60000002384186,7,3,16777164,1336651680,1,deadbeef,1469869154">["410","225","1.0-1.0","6.5","　　　　　　　　　　　　　　　　/n　　　　　　　　　　　　　　　　/n　　　　　　　　　　　　　██　/n　　　　███　　　　　　██　/n　　　　██　　　　　　　███/n　　　　██　　　　　　　███"]</d>
    <d p="0.60000002384186,7,3,3381759,1336651680,1,deadbeef,794642571">["395","85","0.7-0.7","6.5","　　　　　　　　　　　　　　　　　　　　　█/n　　　　　　　　　　　　　　　　　　　　　　/n　　　　　　　　　　　　　　　　　　　　　　/n　　　　　　　　　　　　　　　　　　　　　　/n　　　　　　　　　　　　　　　　　　　　　　/n　　　　　　　　　　　　　　　　　　　　　　/n　　　　　　　　　　　　　　　　　　　　　　/n　　　　　　　　　　　　　　　　　　　　　　/n　　　　　　　　　　　　　　　　　　　　　　/n　　　　　　　　　　　　　　　　　　　　　　/n　　　　　　　　　　　　　　　　　　　　　　/n"]</d>
    <d p="0.60000002384186,7,3,3381759,1336651680,1,deadbeef,629183466">["395","140","0.7-0.7","6.5","　　　　　　　　　　　　　　　　　　　　　　/n　　　　　　　　　　　　　　　　　　　　　　/n　　　　　　　　　　　　　　　　　　　　　　/n　　　　　　　　　　　　　　　　　　　　　　/n　　　　　　　　　　　　　　　　　　　　　　/n　　　　　　　　　　　　　　　　　　　　　　/n　　　　　　　　　　　　　　　　　　　　　　/n　　　　　　　　　　　　　　　　　　　　　　/n　　　　　　　　　　　　　　　　　　　　　　/n　　　　　　　　　　　　　　　　　　　　　　/n"]</d>
    <d p="0.60000002384186,7,3,3381759,1336651680,1,deadbeef,1001408813">["395","190","0.7-0.7","6.5","　　　　　　　　　　　　　　　　　　　　　　/n　　　　　　　　　　　　　　　　　　　　　　/n　　　　　　　　　　　　　　　　　　　　　　/n　　　　　　　　　　　　　　　　　　　　　　/n　　　　　　　　　　　　　　　　　　　　　　/n　　　　　　　　　　　　　　　　　　　　　　/n　　　　　　　　　　　　　　　　　　　　　　/n　　　　　　　　　　　　　　　　　　　　　　/n　　　　　　　　　　　　　　　　　　　　　　/n　　　　　　　　　　　　███　　　　　　　/n"]</d>
    <d p="0.60000002384186,7,3,3381759,1336651680,1,deadbeef,1380160118">["395","240","0.7-0.7","6.5","　　　　　　　　　　　　　　　　　　　　　　/n　　　　　　　　　　　　　　　　　　　　　　/n　　　　　　　　　　　　　　　　　　　　　　/n　　　　　　　　　　　　　　　　　　　　　　/n　　　　　　　　　　　　　　　　　　　　　　/n　　　　　　　　　　　　　　　　　　　　　　/n　　　　　　　　　　　　　　　　　　　　　　/n　　　　　　　　　　　　　　　　　　　　　　/n　　　　　　　　　　　　　　　　　　　　　　/n　　　　　　　　　　　　　　　　　　　　　　/n"]</d>
    <d p="0.60000002384186,7,3,3381759,1336651680,1,deadbeef,158494977">["395","290","0.7-0.7","6.5","　　　　　　　　　　　　　　　　　　　　　　/n　　　　　　　　　　　　　　　　　　　　　　/n　　　　　　　　　　　　　　　　　　　　　　/n　　　　　　　　　　　　　　　　　　　　　　/n　　　　　　　　　　　　　　　　　　　　　　/n　　　　　　　　　　　　　　　　　　　　　　/n　　　　　　　　　　　　　　　　　　　　　　/n　　　　　　　　　　　　　　　　　　　　　　/n　　　　　　　　　　　　　　　　　　　　　　/n　　　　　　　　　　　　　　　　　　　　　　/n"]</d>
    <d p="0.60000002384186,7,3,3381759,1336651680,1,deadbeef,1256644085">["395","340","0.7-0.7","6.5","　　　　　　　　　　　　　　　　　　　　　　/n█　　　　　　　　　　　　　　　　　　　　　/n█　　　　　　　　　　　　　　　　　　　　　"]</d>
    <d p="0.60000002384186,7,3,13421772,1336651680,1,deadbeef,1444458336">["420","90","1.0-1.0","6.5","　　　　　　　　　　█/n　　　　　　　　　　　/n　　　　　　　　　　　/n　　　　　　　　　　　/n　　　　　　　　　　　/n　　　　　　　　　　　/n　　　　　　　　　　　/n　　　　　　　　　　　/n　　　　　　　　　　　/n　　　　　　　　　　　/n　　　　　　　　　　　/n　　　　　　　　　　　/n　　　　　　　　　　　/n　　　　　　　　　　　/n█　　　　　　　　　　/n　　　　　　　　　　　/n　　　　　　　　　　　/n　　　　　　　　　　　/n　　　　　　　　　　　/n　　　　　　　　　　　/n"]</d>
    <d p="0.60000002384186,7,3,13421772,1336651680,1,deadbeef,843556714">["420","190","1.0-1.0","6.5","　　　　　　　　　　　/n　　　　　　　　　　　/n　　　　　　　　　　　/n　　　　　　　　　　　/n　　　　　　　　　　　/n　　　　　　　　　　　/n　　　　　　　　　　　/n　　　　　　　　　　　/n　　　　　　　　　　　/n　　　█　　　　　　　"]</d>
    <d p="0.60000002384186,7,3,13434879,1336651680,1,deadbeef,1934009493">["370","95","0.8-0.8","6.5","█　　　　　　　　　　　　　/n　　　　　　　　　　　　　　/n　　　　　　　　　　　　　　/n　　　　　　　　　　　　　　/n　　　　　　　　　　　　　　/n　　　　　　　　　　　　　　/n　　　　　　　　　　　　　　/n　　　　　　　　　　　　　　/n　　　　　　　　　　　　　　/n　　　　　　　　　　　　　　/n　　　　　　　　　　　　　　/n　　　　　　　　█　　　　　/n　　　　　　　　　　　　　　/n　　　　　　　　　　　　　　/n　　　　　　　　　　　　　　/n　　　　　　　　　　　　　█"]</d>
    <d p="0.60000002384186,7,3,3355443,1336651680,1,deadbeef,185592035">["410","95","1.0-1.0","6.5","█　　█　　　　　　　██　　　/n　　　█　　　　　　　　█　　　/n　　　　　　　　　　　　█　　　/n█　　　　　　　　　　　　　　　/n　　　　　　　　　　　　　　　　/n　　　　　　　　　　　　　　　　/n　　　　　　　　　　　　　　　　/n　　　　　　　　　　　　　　　　/n　　　　　　　　　　　　　　　　/n　　　　　　　　　　　　　　　　/n　　　　　　　　　　　　　　　　/n　　　　　　　█　　　　　　　　/n　　　　　　　　　　　　　　　　/n　　　　　　　　　　　　　　　　/n"]</d>
    <d p="0.60000002384186,7,3,3355443,1336651680,1,deadbeef,1291508842">["410","165","1.0-1.0","6.5","　　　　　　　　█　　　　　　　/n　　　　　　　　　　　　　　　　/n　　　　　　　　　　　　　　　　/n　　　　　　　　　　　　　　　　/n　　　　　　　　　　　　　　　　/n　　　　　　　　　　　　　　　　/n　　　　　　　　　　　　　　　　/n　　　　　　　　　　　　　　　　/n　　　　　　　　　　　　　　　　/n　　　　　　　　　　　　　　　　/n　　　　　　　　　　　　　　　　/n　　　　　　　　　　　　　　　　/n　　　　　　　　　　　　　　　　/n　　　　　　　　　　　　　　　　/n"]</d>
    <d p="0.60000002384186,7,3,3355443,1336651680,1,deadbeef,1569336135">["410","235","1.0-1.0","6.5","　　　　　　　　　　　　　　　　/n　　　　　　　　　　　　　　　　/n　　　　　　　　　　　　　　　　/n　　　　　　　　　　　　　　　　/n　　　　　█　　　　　　　　　█/n　　　　　　　　　　　　　　　　/n　　　　　　　　　　　　　　　　/n　　　　　　　　　　　　　　　　/n　　　　　　　　　　　　　　　　/n　　　　　　　　　　　　　　　　/n　　　　　　　　　　　　　　█　"]</d>
    <d p="0.60000002384186,7,3,1,1336651680,1,deadbeef,1766245494">["410","95","1.0-1.0","6.5","　██　　　　　　　　　/n█　　　　　　　　　██"]</d>
    <d p="0.60000002384186,7,3,10066380,1336651680,1,deadbeef,1628196451">["430","95","1.0-1.0","6.5","█　　　　　　　　　/n　　　　　　　　　　/n　　　　　　　　　　/n　　　　　　　　　　/n　　　　　　　　　　/n　　　　　　　　　█/n　　　　　　　　　　/n　　　　　　　　　　/n　　　　　　　　　　/n　　　　　　　　　　/n　　　　　　　　　　/n　　　　　　　　　　/n　　　　　　　　　　/n　　　　　　　　　　/n　　　　　　　　　　/n　　　　　　　　　　/n　　　　　　　　　　/n　　　　　　　　　　/n　　　　　　　　　　/n　　　　　　　　　　/n　　　　　　　　　　/n　　　　　　　　　　/n"]</d>
    <d p="0.60000002384186,7,3,10066380,1336651680,1,deadbeef,853592821">["430","205","1.0-1.0","6.5","　　　　　　　　　　/n　　　　　　　　　　/n　　　　　　　　　　/n　　　　　　　　　　/n　　　　　　　　　　/n█　　　　　　　　　"]</d>
    <d p="0.60000002384186,7,3,13408665,1336651680,1,deadbeef,614030922">["460","95","1.0-1.0","6.5","█"]</d>
    <d p="0.60000002384186,7,3,3381708,1336651680,1,deadbeef,940758647">["500","95","1.0-1.0","6.5","█/n　/n█"]</d>
    <d p="0.60000002384186,7,3,6737151,1336651680,1,deadbeef,968705318">["370","100","1.0-1.0","6.5","█"]</d>
    <d p="0.60000002384186,7,3,3368601,1336651680,1,deadbeef,1416262549">["405","100","1.0-1.0","6.5","█　　　　　　　　　　　/n　　　　　　　　　　　　/n　　　　　　　　　　　　/n　　　　　　　　　　　　/n　　　　　　　　　　　　/n　　　　　　　　　　　　/n　　　　　　　　　　　　/n　　　　　　　　　　　　/n　　　　　　　　　　　　/n　　　　　　　　　　　　/n　　　　　　　　　　　　/n　　　　　　　　　█　　/n　　　　　　　　　　　█"]</d>
    <d p="0.60000002384186,7,3,3342336,1336651680,1,deadbeef,1564356077">["410","100","1.0-1.0","6.5","　██　　　　　　　　　/n███　　　　　　　██"]</d>
    <d p="0.60000002384186,7,3,10066278,1336651680,1,deadbeef,178766978">["430","100","1.0-1.0","6.5","█"]</d>
    <d p="0.60000002384186,7,3,6710886,1336651680,1,deadbeef,810978563">["415","100","1.0-1.0","6.5","　　　　　　　　　　　　█/n　　　　　　　　　　　　　/n　　　　　　　　　　　　　/n　　　　　　　　　　　　　/n　　　　　　　　　　　　　/n　　　　　　　　　　　　　/n　　　　　　　　　　　　　/n　　　　　　　　　　　　　/n　　　　　　　　　　　　　/n　　　　　　　　　　　　　/n　　　　　　　　　　　　　/n　　　　　　　　　　　　　/n　　　　　　　　　　　　　/n　　　　　　　　　　　　　/n　　　　　　　　　　　　　/n　　　　　　　　　　　　　/n　　　　　　　　　　　　　/n"]</d>
    <d p="0.60000002384186,7,3,6710886,1336651680,1,deadbeef,2102025018">["415","185","1.0-1.0","6.5","　　　　　　　　　　　　　/n　　　　　　　　　　　　　/n　　　　　　　　　　　　　/n　　　　　　　　　　　　　/n　　　　　　　　　　　　　/n　　　　　　　　　　　　　/n　　　　　　　　　　　　　/n　　　　　　　　　　　　　/n　　　　　　　　　　　　　/n　　　　　　　　　　　　　/n　　　　　　　　　　　　　/n　　　　　　　　　　　　　/n　　　　　　　　　　　　　/n　　　　　　　　　　　　　/n　　　　　　　　　　　　　/n　　　　　　　　　　　　　/n　　　　　　　　　　　　　/n"]</d>
    <d p="0.60000002384186,7,3,6710886,1336651680,1,deadbeef,76687474">["415","270","1.0-1.0","6.5","　　　　　　　　　　　　　/n　　　　　　　　　　　　　/n　　　　　　　　　　　　　/n　　　　　　　　　　　　　/n　　　　　　　　　　　　　/n　　　　　　　　　　　　　/n　　　　　　　　　　　　　/n　　　　　　　　　　　　　/n　　　　　　　　　　　　　/n　　　　　　　　　　　　　/n　　　　　　　　　　　　　/n█　　　　　　　　　　　　"]</d>
    <d p="0.60000002384186,7,3,10066380,1336651680,1,deadbeef,260679229">["365","105","0.1-0.1","6.5","█"]</d>
    <d p="0.60000002384186,7,3,6697779,1336651680,1,deadbeef,265140830">["425","105","1.0-1.0","6.5","█　　　　　　　　　/n　　　　　　　　　█"]</d>
    <d p="0.60000002384186,7,3,10053171,1336651680,1,deadbeef,2067825868">["455","105","1.0-1.0","6.5","█/n█"]</d>
    <d p="0.60000002384186,7,3,13421721,1336651680,1,deadbeef,979832374">["475","105","1.0-1.0","6.5","█"]</d>
    <d p="0.60000002384186,7,3,6723993,1336651680,1,deadbeef,2576692">["505","105","0.2-0.2","6.5","█"]</d>
    <d p="0.60000002384186,7,3,6684723,1336651680,1,deadbeef,1652424066">["415","110","1.0-1.0","6.5","██　　　　　　　　/n█　　　　　　　　█"]</d>
    <d p="0.60000002384186,7,3,10053222,1336651680,1,deadbeef,1238649322">["425","110","1.0-1.0","6.5","█　　　　　　　/n　　　　　　█　/n　　　　　　　█"]</d>
    <d p="0.60000002384186,7,3,3342387,1336651680,1,deadbeef,1347839382">["460","110","1.0-1.0","6.5","██　　　/n　　　　　/n　　　　　/n　　　　　/n　　　　　/n　　　　　/n　　　　　/n　　　　　/n　　　　　/n　　　　　/n　　　　　/n　　　　　/n　　　　　/n　　　　　/n　　　　　/n　　　　　/n　　　　　/n　　　　　/n　　　　　/n　　　　　/n　　　　　/n　　　　　/n　　　　　/n　　　　　/n　　　　　/n　　　　　/n　　　　　/n　　　　　/n　　　　　/n　　　　　/n　　　　　/n　　　　　/n　　　　　/n　　　　　/n　　　　　/n　　　　　/n　　　　　/n"]</d>
    <d p="0.60000002384186,7,3,3342387,1336651680,1,deadbeef,313056454">["460","295","1.0-1.0","6.5","　　　　　/n　　　　　/n　　　　　/n　　　　　/n　　　　　/n　　　　█"]</d>
    <d p="0.60000002384186,7,3,6724044,1336651680,1,deadbeef,1582202443">["505","110","0.2-0.2","6.5","█"]</d>
    <d p="0.60000002384186,7,3,3355545,1336651680,1,deadbeef,335008315">["410","115","1.0-1.0","6.5","█"]</d>
    <d p="0.60000002384186,7,3,10040115,1336651680,1,deadbeef,997909268">["420","115","1.0-1.0","6.5","█　　　　　　　　█"]</d>
    <d p="0.60000002384186,7,3,16764057,1336651680,1,deadbeef,2058531981">["415","115","1.0-1.0","6.5","　　　　　　　　　　　█/n　　　　　　　　　　　█/n██　　　　　　　　██/n　　　　　　　　　█　　/n　　　　　█　　　　　　"]</d>
    <d p="0.60000002384186,7,3,10079436,1336651680,1,deadbeef,2104931887">["410","115","1.0-1.0","6.5","　　　　　　　　　　　　　█　/n█　　　　　　　　　　　　　　/n　　　　　　　　　　　　　　　/n　　　　　　　　　　　　　　　/n　　　　　　　　　　　　　　　/n　　　　　　　　　　　　　　　/n　　　　　　　　　　　　　　　/n　　　　　　　　　　　　　　　/n　　　　　　　　　　　　　　　/n　　　　　　　　　　　　　　　/n　　　　　　　　　　　　　　　/n　　　　　　　　　　　　　　　/n　　　　　　　　　　　　　　　/n　　　　　　　　　　　　　　　/n　　　　　　　　　　　　　　　/n"]</d>
    <d p="0.60000002384186,7,3,10079436,1336651680,1,deadbeef,1152238010">["410","190","1.0-1.0","6.5","　　　　　　　　　　　　　　　/n　　　　　　　　　　　　　　　/n　　　　　　　　　　　　　　　/n　　　　　　　　　　　　　　　/n　　　　　　　　　　　　　　　/n　　　　　　　　　　　　　　　/n　　　　　　　　　　　　　　　/n　　　　　　　　　　　　　　　/n　　　　　　　　　　　　　　█/n　　　　　　█　　　　　　　　"]</d>
    <d p="0.60000002384186,7,3,16750950,1336651680,1,deadbeef,1526246041">["415","120","1.0-1.0","6.5","█"]</d>
    <d p="0.60000002384186,7,3,16751001,1336651680,1,deadbeef,1580894263">["410","120","1.0-1.0","6.5","　　█　　　　/n　　　　　██/n　　　　　██/n　　　　　　　/n　　　　　　　/n　　　　　　　/n　　　　　　　/n　　　　　　　/n　　　　　　　/n　　　　　　　/n　　　　　　　/n　　　　　　　/n　　　　　　　/n　　　　　　　/n　　　　　　　/n　　　　　　　/n　　　　　　　/n　　　　　　　/n　　　　　　　/n　　　　　　　/n　　　　　　　/n　　　　　　　/n　　　　　　　/n　　　　　　　/n　　　　　　　/n　　　　　　　/n　　　　　　　/n　　　　　　　/n　　　　　　　/n"]</d>
    <d p="0.60000002384186,7,3,16751001,1336651680,1,deadbeef,1743183830">["410","265","1.0-1.0","6.5","　　　　　　　/n　　　　　　　/n　　　　　　　/n　　　　　　　/n　　　　　　　/n　　　　　　　/n　　　　　　　/n　　　　　　　/n　　　　　　　/n　　　　　　　/n　　　　　　　/n　　　　　　　/n　　　　　　　/n　　　　　　　/n　　　　　　　/n　　　　　　　/n　　　　　　　/n　　　　　　　/n█　　　　　　"]</d>
    <d p="0.60000002384186,7,3,13408614,1336651680,1,deadbeef,1906628520">["465","120","1.0-1.0","6.5","█"]</d>
    <d p="0.60000002384186,7,3,3381657,1336651680,1,deadbeef,1071963198">["475","125","1.0-1.0","6.5","█"]</d>
    <d p="0.60000002384186,7,3,26316,1336651680,1,deadbeef,1894477260">["485","125","1.0-1.0","6.5","█　　/n　　　/n　　　/n　　　/n　　　/n　　　/n　　　/n　　　/n　　　/n　　　/n　　　/n　　　/n　　　/n　　　/n　　　/n　　　/n　　█"]</d>
    <d p="0.60000002384186,7,3,6723993,1336651680,1,deadbeef,1709624002">["400","130","1.0-1.0","6.5","██　█　　　　　　　　　　█/n　　　　　　　　　　　█　　　"]</d>
    <d p="0.60000002384186,7,3,13421823,1336651680,1,deadbeef,1249042569">["405","135","1.0-1.0","6.5","　　　　　　　　█/n　　　　　　　　　/n　　　　　　　　　/n　　　　　　　　　/n　　　　　　　　　/n　　　　　　　　　/n　　　　　　　　　/n　　　　　　　　　/n　　　　　　　　　/n　　　　　　　　　/n　　　　　　　　　/n　　　　　　　　　/n　　　　　　　　　/n　　　　　　　　　/n　　　　　　　　　/n　　　　　　　　　/n　　　　　█　　　/n　　　　　　　　　/n　　　　　　　　　/n　　　　　　　　　/n　　　　　　　　　/n　　　　　　　　　/n　　　　　　　　　/n"]</d>
    <d p="0.60000002384186,7,3,13421823,1336651680,1,deadbeef,1140376284">["405","250","1.0-1.0","6.5","　　　　　　　　　/n　　　　　　　　　/n　　　　　　　　　/n　　　　　　　　　/n　　　　　　　　　/n　　　　　　　　　/n　　　　　　　　　/n　　　　　　　　　/n　　　　　　　　　/n　　　　　　　　　/n　　　　　　　　　/n　　　　　　　　　/n　　　　　　　　　/n　　　　　　　　　/n　　　　　　　　　/n　　　　　　　　　/n　　　　　　　　　/n　　　　　　　　　/n　　　　　　　　　/n　　　　　　　　　/n　　　　　　　　　/n█　　　　　　　　"]</d>
    <d p="0.60000002384186,7,3,51,1336651680,1,deadbeef,1641603453">["405","145","1.0-1.0","6.5","　　　　　　　█　　　　　　　　　　/n　　　　　　　　　　　　　　　　　　/n　　　　　　　　　　　　　　　　　　/n　　　　　　　　　　　　　　　　　　/n　　　　　　　　　　　　　　　　　　/n　　　　　　　　　　　　　　　　　　/n　　　　　　　　　　　　　　　　　　/n　　　　　　　　　　　　　　　　　　/n　　　　　　　　　　　　　　　　　　/n　　　　　　　　　　　　　　　　　　/n　　　　　　　　　　　　　　　　　　/n　　　　　　　　　　　　　　　　　　/n　　　　　　　　　　　　　　　　　　/n"]</d>
    <d p="0.60000002384186,7,3,51,1336651680,1,deadbeef,942144980">["405","210","1.0-1.0","6.5","　　　　　　　　　　　　　　　　　　/n　　　　　　　　　　　　　　　　　　/n　　　　　　　　　　　　　　　　　　/n　　　　　　　　　　　　　　　　　　/n　　　　　　　　　　　　　　　　　　/n　　　　　　　　　　　　　　　　　　/n　　　　　　　　　　　　　　　　　　/n　　　　　　　　　　　　　　　　　　/n　　　　　　　　　　　　　　　　　　/n　　　　██　　　　　　　　　　　　/n　　　　███　　　　　　　███　/n　　　　███　　　　　　　　██　/n　　　　███　　　　　　　　██　/n"]</d>
    <d p="0.60000002384186,7,3,51,1336651680,1,deadbeef,746603464">["405","275","1.0-1.0","6.5","　　　　███　　　　　　　　██　/n　　　███　　　　　　　　　██　/n　　　███　　　　　　　　　　█　/n　　███　　　　　　　　　　███/n　　███　　　　　　　　　　███/n　████　　　　　　　　　　███/n　███　　　　　　　　　　　███/n　███　　　　　　　　　　　███/n　███　　　　　　　　　　　███/n███　　　　　　　　　　　　　██"]</d>
    <d p="0.60000002384186,7,3,6710937,1336651680,1,deadbeef,2039843297">["445","145","1.0-1.0","6.5","█　　/n　　　/n　　　/n　　　/n　　　/n　　█"]</d>
    <d p="0.60000002384186,7,3,10066431,1336651680,1,deadbeef,722906747">["410","145","1.0-1.0","6.5","　　　　　　　　　　█　　　　　　/n　　　　　█　　　　　　　　　　　/n　　　　　　　　　　　　　　　　　/n　　　　　　　　　　　　　　　　　/n　　　　　　　　　　　　　　　　　/n　　　　　　　　　　　　　　　　　/n　　　　　　　　　　　　　　　　　/n　　　　　　　　　　　　　　　　　/n　　　　　　　　　　　　　　　　　/n　　　　　　　　　　　　　　　　　/n　　　　　　　　　　　　　　　　　/n　　　　　　　　　　　　　　　　　/n　　　　　　　　　　　　　　　　█/n"]</d>
    <d p="0.60000002384186,7,3,10066431,1336651680,1,deadbeef,648404965">["410","210","1.0-1.0","6.5","　　　　　　　　　　　　　　　　　/n　　　　　　　　　　　　　　　　　/n　　　　　　　███　　　　　　　/n　　　　　　　　　　　　　　　　　/n　　　　　　　　　　　　　　　　　/n　　　　　　　　　　　　　　　　　/n　　　　　　　　　　　　　　　　　/n　　　　　　　　　　　　　　　　　/n　　　　　　　　　　　　　　　　　/n　　　　　　　　　　　　　　　　　/n　　　　　　　　　　　　　　　　　/n　　　　　　　　　　　　　　　　　/n　　　　　　　　　　　　　　　　　/n"]</d>
    <d p="0.60000002384186,7,3,10066431,1336651680,1,deadbeef,956677260">["410","275","1.0-1.0","6.5","　　　　　　　　　　　　　　　　　/n　　　　　　　　　　　　　　　　　/n　　　　　　　　　　　　　　　　　/n　　　　　　　　　　　　　　　　　/n　　　　　　　　　　　　　　　　　/n　　　　　　　　　　　　　　　　　/n　　　　　　　　　　　　　　　　　/n　　　　　　　　　　　　　　　　　/n　　　　　　　　　　　　　　　　　/n　　　　　　　　　　　　　　　　　/n　　　　　　　　　　　　　　　　　/n　　　　　　　　　　　　　　　　　/n　　　　　　　　　　　　　　　　　/n"]</d>
    <d p="0.60000002384186,7,3,10066431,1336651680,1,deadbeef,1295256079">["410","340","1.0-1.0","6.5","　　　　　　　　　　　　　　　　　/n　　　　　　　　　　　　　　　　　/n█　　　　　　　　　　　　　　　　"]</d>
    <d p="0.60000002384186,7,3,10079487,1336651680,1,deadbeef,25352186">["340","150","0.3-0.3","6.5","　　　　　　　█　　　　　　　　　　　　　　　　　　　　　　　　　　　　　/n█　　　　　　　　　　　　　　　　　　　　　　　　　　　　　　　　　　　　/n　　　　　　　　　　　　　　　　　　　　　　　　　　　　　　　　　　　　█/n　　　　　　　　　　　　　　　　　　　　　　　　　　　　　　　　　　　　　/n　　　　　　　　　　　　　　　　　　　　　　　　　　　　　　　　　　　　　/n　　　　　　　　　　　　　　　　　　　　　　　　　　　　　　　　　　　　　/n"]</d>
    <d p="0.60000002384186,7,3,10079487,1336651680,1,deadbeef,2004796312">["340","180","0.3-0.3","6.5","　　　　　　　　　　　　　　　　　　　　　　　　　　　　　　　　　　　　　/n　　　　　　　　　　　　　　　　　　　　　　　　　　　　　　　　　　　　　/n　　　　　　　　　　　　　　　　　　　　　　　　　　　　　　　　　　　　　/n　　　　　　　　　　　　　　　　　　　　　　　　　　　　　　　　　　　　　/n　　　　　　　　　　　　　　　　　　　　　　　　　　　　　　　　　　　　　/n　　　　　　　　　　　　　　　　　　　　　　　　　　　　　　　　　　　　　/n"]</d>
    <d p="0.60000002384186,7,3,10079487,1336651680,1,deadbeef,688696400">["340","210","0.3-0.3","6.5","　　　　　　　　　　　　　　　　　　　　　　　　　　　　　　　　　　　　　/n　　　　　　　　　　　　　　　　　　　　　　　　　　　　　　　　　　　　　/n　　　　　　　　　　　　　　　　　　　　　　　　　　　　　　　　　　　　　/n　　　　　　　　　　　　　　　　　　　　　　　　　　　　　　　　　　　　　/n　　　　　　　　　　　　　　　　　　　　　　　　　　　　　　　　　　　　　/n　　　　　　　　　　　　　　　　　　　　　　　　　　　　　　　　　　　　　/n"]</d>
    <d p="0.60000002384186,7,3,10079487,1336651680,1,deadbeef,872681082">["340","240","0.3-0.3","6.5","　　　　　　　　　　　　　　　　　　　　　　　　　　　　　　　　　　　　　/n　　　　　　　　　　　　　　　　　　　　　　　　　　　　　　　　　　　　　/n　　　　　　　　　　　　　　　　　　　　　　　　　　　　　　　　　　　　　/n　　　　　　　　　　　　　　　　　　　　　　　　　　　　　　　　　　　　　/n　　　　　　　　　　　　　　　　　　　　　　　　　　　　　　　　　　　　　/n　　　　　　　　　　　　　　　　　　　　　　　　　　　　　　　　　　　　　/n"]</d>
    <d p="0.60000002384186,7,3,10079487,1336651680,1,deadbeef,1222485283">["340","270","0.3-0.3","6.5","　　　　　　　　　　　　　　　　　　　　　　　　　　　　　　　　　　　　　/n　　　　　　　　　　　　　　　　　　　　　　　　　　　　　　　　　　　　　/n　　　　　　　　　　　　　　　　　　　　　　　　　　　　　　　　　　　　　/n　　　　　　　　　　　　　　　　　　　　　　　　　　　　　　　　　　　　　/n　　　　　　　　　　　　　　　　　　　　　　　　　　　　　　　　　　　　　/n　　　　　　　　　　　　　　　　　　　　　　　　　　　　　　　　　　　　　/n"]</d>
    <d p="0.60000002384186,7,3,10079487,1336651680,1,deadbeef,1202874041">["340","300","0.3-0.3","6.5","　　　　　　　　　　　　　　　　　　　　　　　　　　　　　　　　　　　　　/n　　　　　　　　　　　　　　　　　　　　　　　　　　　　　　　　　　　　　/n　　　　　　　　　　　　　　　　　　　　　　　　　　　　　　　　　　　　　/n　　　　　　　　　　　　　　　　　　　　　　　　　　　　　　　　　　　　　/n　　　　　　　　　　　　　　　　　　　　　　　　　　　　　　　　　　　　　/n　　　　　　　　　　　　　　　　　　　　　　　　　　　　　　　　　　　　　/n"]</d>
    <d p="0.60000002384186,7,3,10079487,1336651680,1,deadbeef,2112996800">["340","330","0.3-0.3","6.5","　　　　　　　　　　　　　　　　　　　　　　　　　　　　　　　　　　　　　/n　　　　　　　　　　　　　　　　　　　　　　　　　　　　　　　　　　　　　/n　　　　　　　　　　　　　　　　　　　　　　　　　　　　　　　　　　　　　/n　　　　　　　　　　　　　　　　　　　　　　　　　　　　　　　█　　　　　"]</d>
    <d p="0.60000002384186,7,3,3355494,1336651680,1,deadbeef,1786053907">["415","150","1.0-1.0","6.5","　　　　　█　　/n　　　　　　　　/n　　　　　　　█/n█　　　　█　　"]</d>
    <d p="0.60000002384186,7,3,10066431,1336651680,1,deadbeef,872523508">["475","150","0.2-0.2","6.5","█　　/n　　█"]</d>
    <d p="0.60000002384186,7,3,6737151,1336651680,1,deadbeef,1913949415">["375","155","0.5-0.5","6.5","█"]</d>
    <d p="0.60000002384186,7,3,16777215,1336651680,1,deadbeef,1761599200">["400","155","0.5-0.5","6.5","　　█　　　　　　　　　　　　　　　　　/n　　　　　　　　　　　　　　　　　　　　/n　　　　　　　　　　　　　　　　　　　　/n　　　　　　　　　　　　　　　　　　　　/n　　　　　　█　　　　　　　　　　　　　/n　　　　　　　　　　　　　　　　　　　　/n　　　　　　　　　　　　　　　　　　　　/n　　　　　　█　　　　　　　　　█　　　/n　　　　　　　　　　　　　　　　　　　　/n　　　　　　　　　　　　　　　　　　　　/n　　　　　　　　　　　　　　　　　　　　/n"]</d>
    <d p="0.60000002384186,7,3,16777215,1336651680,1,deadbeef,45629194">["400","210","0.5-0.5","6.5","　　　　　　　　　　　　　　　　　　　　/n　　　　　　　　　　　　　　　　　　　　/n　　　　　　　　　　　　　　　　　　　　/n　　　　　　　　　　　　　　　　　　　　/n　　　　　　　　　　　　　　　　　　　　/n　　　　　　　　　　　　　　　　　　　　/n　　　　　　　　　　　　　　　　　　　　/n　　　　　　　　　　　　　　　　　　　　/n　　　　　　　　　　　　　　　　　　　　/n　　　　　　　　　　　　　　　　　　　　/n　　　　　　　　　　　　　　　　　　　　/n"]</d>
    <d p="0.60000002384186,7,3,16777215,1336651680,1,deadbeef,2146620044">["400","265","0.5-0.5","6.5","　　　　　　　　　　　　　　　　　　　　/n　　　　　　　　　　　　　　　　　　　　/n　　　　　　　　　　　　　　　　　　　　/n　　　　　　　　　　　　　　　　　　　　/n　　　　　　　　　　　　　　　　　　　　/n　　　　　　　　　　　　　　　　　　　　/n　　　　　　　　　　　　　　　　　　　　/n　　　　　　　　　　　　　　　　　　　　/n　　　　　　　　　　　　　　　　　　　　/n　　　　　　　　　　　　　　　　　　　　/n　　　　　　　　　　　　　　　　　　　　/n"]</d>
    <d p="0.60000002384186,7,3,16777215,1336651680,1,deadbeef,547492342">["400","320","0.5-0.5","6.5","　　　　　　　　　　　　　　　　　　　　/n█　　　　　　　　　　　　　　　　　　█/n█　　　　　　　　　　　　　　　　　　█/n　　　　　　　　　　　　　　　　　　　█/n　　　　█　　　　　　　　　　　　　　　/n　　　　　　　　　　　　　　　　　　　　/n　　　　　　　　　　　　　　　　　　　　/n　　　　　　　　　　　　　　　　　　　　/n　　　　　　　　　　　　　　　　　　　　/n　　　　　　　　　　　　　　　　　　　　/n　　　　　　　　　　　　　█　　█　　　"]</d>
    <d p="0.60000002384186,7,3,13158,1336651680,1,deadbeef,253326329">["440","155","1.0-1.0","6.5","█/n█"]</d>
    <d p="0.60000002384186,7,3,51,1336651680,1,deadbeef,535598114">["385","155","1.0-1.0","6.5","　　　　　　　　　　　　█　　　　　　　　　　　　　/n　　　　　　　　　　　　　　　　　　　　　　　　　　/n　　　　　　　　　　　　　　　　　　　　　　　　　　/n　　　　　　　　　　　　　　　　　　　　　　　　　　/n　　　　　　　　　　　　　　　　　　　　　　　　　　/n　　　　　　　　　　　　　　　　　　　　　　　　　　/n　　　　　　　　　　　　　　　　　　　　　　　　　　/n　　　　　　　　　　　　　　　　　　　　　　　　　　/n　　　　　　　　　　　　　　　　　　　　　　　　　　/n"]</d>
    <d p="0.60000002384186,7,3,51,1336651680,1,deadbeef,1871279036">["385","200","1.0-1.0","6.5","　　　　　　　　　　　　　　　　　　　　　　　　　　/n　　　　█　　　　　　　　　　　　　　　　　　　　　/n　　　　█　　　　　　　　　　　　　　　　　　　　　/n　　　██　　　　　　　　　　　　　　　　　　　　　/n　　　█　　　　　　　　　　　　　　　　　　　　　　/n　　██　　　　　　　　　　　　　　　　　　██　　/n　　██　　　　　　　　　　　　　　　　　　██　　/n　███　　　　　　　　　　　　　　　　　　████/n████　　　　　　　　　　　　　　　　　　　　　　/n"]</d>
    <d p="0.60000002384186,7,3,51,1336651680,1,deadbeef,1200381604">["385","245","1.0-1.0","6.5","███　　　　　　　　　　　　　　　　　　　　　　　/n　　　　　　　　　　　　　　　　　　　　　　　　　　/n　　　　　　　　　　　　　　　　　　　　　　　　　　/n　　　　　　　　　　　　　　　　　　　　　　　　　　/n　　　　　　　　　　　　　　　　　　█　　　　　　　/n　　　　　　　　　　　　　　　　　　　　　　　　　　/n　　　　　　　　　　　　　　　　　　　　　　　　　　/n　　　　　　　　　　　　　　　　　　　　　　　　　　/n　　　　　　█　　　　　　　　　　　　　　　　　　　/n"]</d>
    <d p="0.60000002384186,7,3,51,1336651680,1,deadbeef,717250032">["385","290","1.0-1.0","6.5","　　　　　　　　　█　　　　　　　　　　　　　　　　/n　　　　　　　　　　　　　　　　　　　　　　　　　　/n　　　　　　　　　　　　　　　　　　　　　　　　　　/n　　　　　　　　　　　　　　　　　　　　　　　　　　/n　　　　　　　　　　　　　　　　　　　　　　　　　　/n　　　　█　　　　　　　　　　　　　　　　　　　　　"]</d>
    <d p="0.60000002384186,7,3,10066329,1336651680,1,deadbeef,1974360815">["400","155","0.3-0.3","6.5","　　　　　　　　　　　　　█/n　　　　　　　　　　　　　　/n　　　　　　　　　　　　　　/n　　　　　　　　　　　　　　/n　　　　　　　　　　　　　　/n　　　　　　　　　　　　　　/n　　　　　　　　　　　　　　/n　　　　　　　　　　　　　　/n　　　　　　　　　　　　　　/n　　　　　　　　　　　　　　/n　　　　　　　　　　　　　　/n　　　　　　　　　　　　　　/n　　　　　　　　　　　　　　/n　　　　　　　　　　　　　　/n　　　　　　　　　　　　　　/n　　　　　　　　　　　　　　/n"]</d>
    <d p="0.60000002384186,7,3,10066329,1336651680,1,deadbeef,1016186897">["400","235","0.3-0.3","6.5","　　　　　　　　　　　　　　/n　　　　　　　　　　　　　　/n　　　　　　　　　　　　　　/n　　　　　　　　　　　　　　/n　　　　　　　　　　　　　　/n　　　　　　　　　　　　　　/n　　　　　　　　　　　　　　/n　　　　　　　　　　　　　　/n　　　　　　　　　　　　　　/n　　　　　　　　　　　　　　/n　　　　　　　　　　　　　　/n　　　　　　　　　　　　　　/n　　　　　　　　　　　　　　/n　　　　　　　　　　　　　　/n　　　　　　　　　　　　　　/n　　　　　　　　　　　　　　/n"]</d>
    <d p="0.60000002384186,7,3,10066329,1336651680,1,deadbeef,61807170">["400","315","0.3-0.3","6.5","　　　　　　　　　　　　　　/n█　　　　　　　　　　　　　"]</d>
    <d p="0.60000002384186,7,3,10066329,1336651680,1,deadbeef,286392554">["410","160","0.2-0.2","6.5","█　　　　　　　　　　　　　　　　/n　　　　　　　　　　　　　　　　　/n　　　　　　　　　　　　　　　　　/n　　　　　　　　　　　　　　　　　/n　　　　　　　　　　　　　　　　　/n　　　　　　　　　　　　　　　　　/n　　　　　　　　　　　　　　　　　/n　　　　　　　　　　　　　　　　　/n　　　　　　　　　　　　　　　　　/n　　　　　　　　　　　　　　　　　/n　　　　　　　　　　　　　　　　　/n　　　　　　　　　　　　　　　　　/n　　　　　　　　　　　　　　　　　/n"]</d>
    <d p="0.60000002384186,7,3,10066329,1336651680,1,deadbeef,1093754001">["410","225","0.2-0.2","6.5","　　　　　　　　　　　　　　　　　/n　　　　　　　　　　　　　　　　　/n　　　　　　　　　　　　　　　　　/n　　　　　　　　　　　　　　　　　/n　　　　　　　　　　　　　　　　　/n　　　　　　　　　　　　　　　　█/n　　█　　　　　　　　　█　　　　"]</d>
    <d p="0.60000002384186,7,3,6710886,1336651680,1,deadbeef,682743976">["445","160","1.0-1.0","6.5","█　　　　　　　　　　　　　/n　　　　　　　　　　　　　　/n　　　　　　　　　　　　　　/n　　　　　　　　　　　　　　/n　　　　　　　　　　　　　　/n　　　　　　　　　　　　　　/n　　　　　　　　　　　　　　/n　　　　　　　　　　　　　　/n　　　　　　　　　　　　　　/n　　　　　　　　　　　　　　/n　　　　　　　　　　　　　　/n　　　　　　　　　　　　　　/n　　　　　　　　　　　　　　/n　　　　　　　　　　　　　　/n　　　　　　　　　　　　　　/n　　　　　　　　　　　　　　/n"]</d>
    <d p="0.60000002384186,7,3,6710886,1336651680,1,deadbeef,2039441660">["445","240","1.0-1.0","6.5","　　　　　　　　　　　　　█"]</d>
    <d p="0.60000002384186,7,3,3355443,1336651680,1,deadbeef,1049843619">["390","160","0.5-0.5","6.5","　　　　　　　　　　　　　　　█　　　　　　/n　　　　　　　　　　　　　　　　　　　　　　/n　　　　　　　　　　　　　　　　　　　　　　/n　　　　　　　　　　　　　　　　　　　　　　/n　　　　　　　　　　　　　　　　　　　　　　/n　　　　　　　　　　　　　　　　　　　　　　/n　　　　　　　　　　　　　　　　　　　　　　/n　　　　　　　　　　　　　　　　　　　　　　/n　　　　　　　　　　　　　　　　　　　　　　/n　　　　　　　　　　　　　　　　　　　　　　/n"]</d>
    <d p="0.60000002384186,7,3,3355443,1336651680,1,deadbeef,1319464653">["390","210","0.5-0.5","6.5","　　　　　　　　　　　　　　　　　　　　　　/n　　　　　　　　　　　　　　　　　　　　　　/n　█　　　　　　　　　　　　　　　　　　　　/n　　　　　　　　　　　　　　　　　　　　　　/n　　　　　　　　　　　　　　　　　　　　　　/n　　　　　　　　　　　　　　　　　　　　　　/n　　　　　　　　　　　　　　　　　　　　　　/n　　　　　　　　　　　　　　　　　　　　　　/n█　　　　　　　　　　　　　　　　　　　　　/n　　　　　　　　　　█　　　　　　　　　　　/n"]</d>
    <d p="0.60000002384186,7,3,3355443,1336651680,1,deadbeef,1424178955">["390","260","0.5-0.5","6.5","　　　　　　　　　　█　　　　　　　　　　　/n　　　　　　　　　　　　　　　　　　　　　　/n　　　　　　　　　　　　　　　　　　　　█　/n　　　　　　　　　　　　　　　　　　　　█　/n　　　　　　　　　　　　　　　　　█　　　　/n　　　　　　　　　█　　　　　　　█　　　　/n　　　　　　　　　　　　　　　　　█　　　　/n　　　　　　　　　　　　　　　　　　　　　　/n　　　　　　　　　　　　　　　　　　　　　　/n　　　　　　　　　　　　　　　　　　　　　　/n"]</d>
    <d p="0.60000002384186,7,3,3355443,1336651680,1,deadbeef,289305681">["390","310","0.5-0.5","6.5","　　　　　　　　　　　　　　　　　　　　　　/n　　　　　　　　　　　　　　　　　　　　　█"]</d>
    <d p="0.60000002384186,7,3,3355443,1336651680,1,deadbeef,729639600">["390","165","0.3-0.3","6.5","　　　　█　　　　　　　　　　　　　　　　　　　/n　　　　　　　　　　　　　　　　　　　　　　　　/n　　　　　　　　　　　　　　　　　　　　　　　　/n　　　　　　　　　　　　　　　　　　　　　　　　/n　　　　　　　　　　　　　　　　　　　　　　　　/n　　　　　　　　　　　　　　　　　　　　　　　　/n　　　　　　　　　　　　　　　　　　　　　　　　/n　　　　　　　　　　　　　　　　　　　　　　　　/n　　█　　　　　　　　　　　　　　　　　　　　　/n　　　　█　　　　　　　　　　　　　　　　　　　/n"]</d>
    <d p="0.60000002384186,7,3,3355443,1336651680,1,deadbeef,1430262703">["390","215","0.3-0.3","6.5","　　　　　　　　　　　　　　　　　　　　　　　　/n　　　　　　　　　　　　　　　　　　　　　　　　/n　　　█　　　　　　　　　　　　　　　　　　　　/n█　　█　　　　　　　　　　　　　　　　█　　　/n　　　　　　　　　　　　　　　　　　　　　　　　/n　　　　　　　　　　　　　　　　　　　　　　　█/n　　　　　　　　　　　　　　　　　　　　　　　　/n　　　　　　　　　　　　　　　　　　　　　　　　/n　　　　　　　　　　　　　　　　　　　　█　　　/n　　　　　　　　　　　　　　　　　　　　█　　　/n"]</d>
    <d p="0.60000002384186,7,3,3355443,1336651680,1,deadbeef,1804837228">["390","265","0.3-0.3","6.5","　　　　　　█　　　█　　　　　　　　　█　　　/n　　　　　　█　　　█　　　　　　　　　　　　　/n　　　　　　　　　　█　　　　　　　　　　　　　/n　　　　　█　　　　　　　　　　　　　　　　　　/n　　　　　　　　　　　　　　　　　　　　　　　　/n　　　　█　　　　　　　　　　　　　　　　　　　/n　　　　　　　　█　　　　　　　　█　　　　　　/n　　　　　　　　　　　　　　　　　█　　　█　　/n　　　█　　　　　　　　　　　　　█　　　█　　/n　　　　　　　█　　　　　　　　　█　　　█　　/n"]</d>
    <d p="0.60000002384186,7,3,3355443,1336651680,1,deadbeef,496805939">["390","315","0.3-0.3","6.5","　　　　　　　　　　　　　　　　　█　　　　　　"]</d>
    <d p="0.60000002384186,7,3,3355443,1336651680,1,deadbeef,1912712192">["400","165","1.0-1.0","6.5","　　　　█　　　　　　　　　　　/n　　　　█　　　　　　　　　　　/n　　　　　　　　　　　　　　　　/n　　　　　　　　　　　　　　　　/n　　　　　　　　　　　　　　　　/n　　　　　　　　　　　　　　　　/n　　　　　　　　　　　　　　　　/n　　　　　　　　　　　　　　　　/n　　　　　　　　　　　　　　　　/n　　　　　　　　　　　　　　　　/n　　　　　　　　　　　　　　　　/n　　　　　　　　　　　　　　　　/n　　　　　　　　　　　　　　　　/n　　　　　　　　　　　　　　　　/n"]</d>
    <d p="0.60000002384186,7,3,3355443,1336651680,1,deadbeef,855007161">["400","235","1.0-1.0","6.5","　　　　　　　　　　　　　　　　/n　　　　　　　　　　　　　　　　/n█　　　　　　　　　　　　　　　/n　　　　　　　　　　　　　　　　/n　　　　　　　　　　　　　　　　/n　　　　　　　　　　　　　　　　/n　　　　　　　　　　　　　　　　/n　　　　　　　　　　　　　　　　/n　　　　　　　　　　　　　　　█/n　　　　　　　█　　　　　　　　/n　　　　　　　　　　　　　　　　/n　　　　　　　　　　　　　　　　/n　　█　　　　　　　　　　　　　/n　　　　　　　　　　　　　　　　/n"]</d>
    <d p="0.60000002384186,7,3,3355443,1336651680,1,deadbeef,597100855">["400","305","1.0-1.0","6.5","　　　　　█　　　　　　　　　　/n　█　　　　　　　　　　　　　　"]</d>
    <d p="0.60000002384186,7,3,6723993,1336651680,1,deadbeef,1437098961">["425","165","0.6-0.6","6.5","█"]</d>
    <d p="0.60000002384186,7,3,3381657,1336651680,1,deadbeef,593668">["455","165","1.0-1.0","6.5","█"]</d>
    <d p="0.60000002384186,7,3,16764057,1336651680,1,deadbeef,2001880673">["465","165","0.9-0.9","6.5","█"]</d>
    <d p="0.60000002384186,7,3,13408665,1336651680,1,deadbeef,887037270">["410","170","0.4-0.4","6.5","█"]</d>
    <d p="0.60000002384186,7,3,6710937,1336651680,1,deadbeef,208921129">["425","170","0.1-0.1","6.5","█"]</d>
    <d p="0.60000002384186,7,3,16777164,1336651680,1,deadbeef,1128717325">["405","170","0.2-0.2","6.5","　　　　　　　　　　　　　█　　　　　　/n　　　　　　　　　　　　　　　　　　　　/n　　　█　　　　　　　　　　　　　　　　/n█　　　　　　　　　　　　　　　　　　　/n　　　　　　　　　　　　　　　　　　　　/n　　　　　　　　　　　　　　　　　　　　/n　　█　　　　　　　　　　　　　　　　　/n　　　　　　　　　　　　　　　　　　　　/n　　　　　　　　　　　　　　　　　　　　/n　　　　　　　　　　　　　　　　　　　　/n　　　　　　　　　　　　　　　　　　　　/n"]</d>
    <d p="0.60000002384186,7,3,16777164,1336651680,1,deadbeef,564709857">["405","225","0.2-0.2","6.5","　　　　　　　　　　　　　　　　　　　　/n　　　　　　　　　　　　　　　　　　　　/n　　　　　　　　　　　　　　　　　　　　/n　　　　　　　　　　　　　　　　　　　　/n　　　　　　　　　　　　　　　　　　　█"]</d>
    <d p="0.60000002384186,7,3,16777164,1336651680,1,deadbeef,96060369">["380","175","0.6-0.6","6.5","　　　　　　█　　　　　　　　　　　█　　　/n　　　　　　　　　　　　　　　　　　　　　　/n　　　　　　　　　　　　　　　　　　　　　　/n　　　　　　　█　　　　　　　　　　　　　　/n　　　　　　　　　　　　　　　　　　　　　　/n　　　　　　　　　　　　　　　　　　　　　　/n　　　　　　　　　　　　　　　　　　　　　　/n　　　　　　　　　　　　　　　　　　　　　　/n　　　　　　　　　　　　　　　　　　　　　　/n　　　　　　　　　　　　　　　　　　　　　　/n"]</d>
    <d p="0.60000002384186,7,3,16777164,1336651680,1,deadbeef,2002025506">["380","225","0.6-0.6","6.5","　　　　　　　　　　　　　　　　　　　　　　/n　　　　　　　　　　　　　　　　　　　　　　/n　　　　　　　　　█　　　　　　　　　　　█/n　　　　　　　　　　　　　　　　　　█　　　/n　　　　　　　　　　　　　　　　　　　　　　/n█　　　　　　　　　　　　　　　　　　　　　"]</d>
    <d p="0.60000002384186,7,3,16777164,1336651680,1,deadbeef,1477007687">["385","175","0.4-0.4","6.5","　　　　　　　█　　　　　　　　　　　　　　　　　　　/n　　　　　　　　　　　　　　　　　　█　　　　　　　　/n　　　　　　　　　　　　　　　　　　　　　　　　　　　/n　　　　█　　　　　　　　　　　　　　　　　　　　　　/n　　　　　　█　　　　　　　　　　　　　　　　　　　　/n　　　　　　　　　　　　　　　　　　　　　　　　　　　/n　　　　　　　　　　　　　　　　　　　　　　　　　　　/n　　　　　　　　　　　　　　　　　　　　　　　　　　　/n　　　　　　　　　　　　　　　　　　　　　　　　　　　/n"]</d>
    <d p="0.60000002384186,7,3,16777164,1336651680,1,deadbeef,2141628531">["385","220","0.4-0.4","6.5","　　　　　　　　　　　　　　　　　　　　　　　　　　　/n　　　　　　　　　　　　　　　　　　　　　　　　　　　/n　　　　　　　　　　　　　　　　　　　　　　　　　　　/n　　　　　　　　　　　　　　　　　　　　　　　　　　█/n　　　　　　　　　　　　　　　　　　　　　　　　　　　/n　　　　　　　　　　　　　　　　　█　　　　█　　　　/n　　　　　　　　　　　　　　　　　█　　　　　　　　　/n█　　　　　　　　　　　　　　　　　　　　　　　　　　"]</d>
    <d p="0.60000002384186,7,3,16777164,1336651680,1,deadbeef,763362936">["405","180","0.9-0.9","6.5","　██　　　　　　　　　　　　　　　　　　　　/n　　█　　　　　　　　　　　　　　　　　　　　/n　█　　　　　　　　　　　　　　　　　　　　　/n██　　　　　　　　　　　　　　　　　　　　　/n　　　　　　　　　　　　　　　　　　　　　　　/n　　　　　　　　　　　　　　　　　　　　　　　/n　　　　　　　　　　　　　　　　　　　　　　　/n　　　　　　　　　　　　　　　　　　　　　　　/n　　　　　　　　　　　　　　　　　　　　　　　/n　　　　　　　　　　　　　　　　　　　　　　　/n"]</d>
    <d p="0.60000002384186,7,3,16777164,1336651680,1,deadbeef,20650812">["405","230","0.9-0.9","6.5","　　　　　　　　　　　　　　　　　　　　　　　/n　　　　　　　　　　　　　　　　　　　　　　　/n　　　　█　　　　　　　　　　　█　　　　　█/n　　　　█　　█　　　　　　　　　　　　　　　"]</d>
    <d p="0.60000002384186,7,3,16777215,1336651680,1,deadbeef,1683270175">["380","190","0.1-0.1","6.5","　　　　　　　　　　　　　　　　　　　　　█　　　　　　　/n　　　　　　　　　　　　　　　　　　　　　　　　　　　　　/n　　　　　　　　　　　　　　　　　　　　　　　　　　　　　/n　　　　　　　　　　　　　　　　　　　　　　　　　　　　　/n　　　　　　　　　　　　　　　　　　　　　　　　　　　　　/n　　　　　　　　　　　　　　　　　　　　　　　　　　　　　/n　　　　　　　　　　　　　　　　　　　　　　　　　　　　　/n　　　　　　　　　　　　　　　　　　　　　　　　　　　　　/n"]</d>
    <d p="0.60000002384186,7,3,16777215,1336651680,1,deadbeef,609913538">["380","230","0.1-0.1","6.5","　　　　　　　　　　　　　　　　　　　　　　　　　　　　　/n　　　　　　　　　　　　　　　　　　　　　　　　　　　　　/n　　　　　　　　　　　　　　　　　　　　　　　　　　　　█/n　　　　　　　　　　　　　　　　　　　　　　　　　　　　　/n　　　　　　　　　　　　　　　　　　　　　　　　　　　　　/n█　█　　　　　　　　　　　　　　　　　　　　　　　　　　/n　　　　　　　　　　　　　　　　　　　　　　　　　　　　　/n　　　　　　　　　　　　　　　　　　　　　　　　　　　　　/n"]</d>
    <d p="0.60000002384186,7,3,16777215,1336651680,1,deadbeef,1742677184">["380","270","0.1-0.1","6.5","　　　　　　　　　　　　　　　　　　　　　　　　　　　　　/n　　　　　　　　　　　　　　　　　　　　　　　　　　　　　/n　　　　　　　　　　　　　　　　　　　　　　　　　　　　　/n　　　　　　　　　　　　　　　　　　　　　　　　　　　　　/n　　　　　　　　　　　　　　　　　　　　　　　　　　　　　/n　　　　　　　　　　　　　　　　　　　　　　　　　　　　　/n　　　　　　　　　　　　　　　　　　　　　　　　　　　　　/n　　　　　　　　　　　　　　　　　　　　　　　　　　　　　/n"]</d>
    <d p="0.60000002384186,7,3,16777215,1336651680,1,deadbeef,1143839088">["380","310","0.1-0.1","6.5","　　　　　　　　　　　　　　　　　　　　　　　　　　　　　/n　　　　　　　　　　　　　　　　　　　　　　　　　　　　　/n　　　　　　　　　　　　　　　　　　　　　　　　　　　　　/n　　　　　　　　　　　　　　　　　　　　　　　　　　　　　/n　　　　　　　　　　　　　　　　　　　　　　　　　　　　　/n　　　　　　　　　　　　　　　　　　　　　　　　　　　　　/n　　　　　　　　　　　　　　　　　　█　　　　　　　　　　/n　　　　　　　　　　　　　　　　　　　　　　　　　　　　　/n"]</d>
    <d p="0.60000002384186,7,3,16777215,1336651680,1,deadbeef,99095567">["380","350","0.1-0.1","6.5","　　　　　　　　　　　　　　　　　　　　　　　　　　　　　/n　　　　　　　　　　　　　　　　　　　　　　　　　　　　　/n　　　　　　　　　　　　　　　　　　　　　　　　　　　　　/n　　　█　　　　　　　　　　　　　　　　　　　　　　　　　/n　　　　　　　　　█　　　　　　　　　　　　　　　　　　　/n　　　　　　　　█　　　　　　　　　　　　　　　　　　　　"]</d>
    <d p="0.60000002384186,7,3,3355494,1336651680,1,deadbeef,1398301635">["400","200","0.2-0.2","6.5","█　　　　　　　　　　　　　　　　　　　　　/n　　　　　　　　　　　　　　　　　　　　　　/n　　　　　　　　　　　　　　　　　　　　　　/n　　　　　　　　　　　　　　　　　　　　　　/n　　　　　　　　　　　　　　　　　　　　　　/n　　　　　　　　　　　　　　　　　　　　　█/n　　　　　　　　　　　　　　　　　　　　　　/n　█　　　　　　　　　　　　　　　　　　　　/n　　　　　　　　　　　　　　　　　　　　　　/n　　　　　　　　　　　　　　　　　　　　　　/n"]</d>
    <d p="0.60000002384186,7,3,3355494,1336651680,1,deadbeef,2012158459">["400","250","0.2-0.2","6.5","　　　　　　　　　　　　　　　　　　　　　　/n　　　　　　　　　　　　　　　　　　　　　　/n　　　　█　　　　　　　　　　　　　　　　　/n　　　　　　　　　　　　　　　　　　　　　　/n　　　　　　　　　　　　　　　　　　　　　　/n　　　　　　　　　　　　　　　　　　　　　　/n　　　　　　　　█　　　　　　　　　　　　　/n　　　　　　　　　　　　　　　　　　　　　　/n　　　　　　　　　　　　　　　　　　　　　　/n　　　　　　　　　　　　　　　　　　　　　　/n"]</d>
    <d p="0.60000002384186,7,3,3355494,1336651680,1,deadbeef,1054895597">["400","300","0.2-0.2","6.5","　█　　　　　　　　　　　　　　　　　　　　"]</d>
    <d p="0.60000002384186,7,3,6697779,1336651680,1,deadbeef,1939180511">["405","200","1.0-1.0","6.5","█"]</d>
    <d p="0.60000002384186,7,3,10066329,1336651680,1,deadbeef,294362361">["410","200","1.0-1.0","6.5","█　　/n　　　/n　　　/n　　　/n　　　/n　　　/n　　　/n　　　/n　　　/n　　　/n　　　/n　　　/n　　　/n　　　/n　　　/n　　　/n　　　/n　　　/n　　　/n　　　/n　　　/n　　　/n　　　/n　　　/n　　　/n　　█"]</d>
    <d p="0.60000002384186,7,3,3381759,1336651680,1,deadbeef,832446977">["415","200","0.5-0.5","6.5","　　　　　　　　　　　　　　　　█　/n　　　　　　　　　　　　　　　　　　/n　　　　　　　　　　　　　　　　　█/n　　　　　　　　　　　　　　　　　　/n█　　　　　　　　　　　　　　　　　/n　　　　　　　　　　　　　　　　　　/n　　　　　　　　　　　　　　　　　　/n　　　　　　██　　　　　　　　　　/n　　　　　　　　　　　　　　　　　　/n　　　　　　　　　　　　　　　　　　/n　　　　　　　　　　　　　　　　　　/n　　　　　　　　　　　　　　　　　　/n　　　　　　　　　　　　　　　　　　/n"]</d>
    <d p="0.60000002384186,7,3,3381759,1336651680,1,deadbeef,408950607">["415","265","0.5-0.5","6.5","　　　　　　　　　　　　　　　　　　/n　　　　　　　　　　　　　　　　　　/n　　　　　　　　　　　　　　　　　　/n　　　　　　　　　　　　　　　　　　/n　　　　　　　　　　　　　　　　　　/n　　　　　　　　　　　　　　　　　　/n　　　　　　　　　　　　　　　　　　/n　　　　　　　　　　　　　　　　　　/n　　　　　　　　　　　　　　　　　　/n　　　　　　　　　　　　　　　　　　/n　　　　　　　　　　　　　　　　　　/n　　　　　　　　　　　　　　　　　　/n　　　　　　　　　　　　　　　　　　/n"]</d>
    <d p="0.60000002384186,7,3,3381759,1336651680,1,deadbeef,202045700">["415","330","0.5-0.5","6.5","　　　　　　　　　　　　　　　　　　/n　　　　　　　　　　　　　　　　　　/n　　　　　　　　　　　　　　　　　　/n　　　　　　　　　　█　　　　　　　/n　　█　　　　　　　█　　　　　　　"]</d>
    <d p="0.60000002384186,7,3,3342387,1336651680,1,deadbeef,2062962881">["410","205","0.7-0.7","6.5","█"]</d>
    <d p="0.60000002384186,7,3,3381708,1336651680,1,deadbeef,1363726594">["395","205","0.4-0.4","6.5","　　　　　　　　　　　　　　　　　　　　　█/n　　　　█　　　　　　　　　　　　　　　　　/n　　　　　　　　　　　　　　　　　　　　　　/n　　　　　　　　　　　　　　　　　　　　　　/n　　　　　　　　　　　　　　　　　　　　　　/n　　　　　　　　　　　　　　　　　　　　　　/n　　　　　　　　　　　　　　　　　　　　　　/n　　　　　　　　　　　　　　　　　　　　　　/n　　　　　　　　　　　　　　　　　　　　　　/n　　　　　　　　　　　　　　　　　　　　　　/n"]</d>
    <d p="0.60000002384186,7,3,3381708,1336651680,1,deadbeef,1800106321">["395","255","0.4-0.4","6.5","　　　　　　　　　　　　　　　　　　　　　　/n　　　　　　　　　　　　　　　　　　　　　　/n　　　　　　　　　　　　　　　　　　　　　　/n　　　　　　　　　　　　　　　　　　　　　　/n　　　　　　　　　　　　　　　　　　　　　　/n　　　　　　　　　　　　　　　　　　　　　　/n　　　　　　　　　　　　　　　　　　　　　　/n　　　　　　　　　　　　　　　　　　　　　　/n　　　　　　　　　　　　　　　　　　　　　　/n　　　　　　　　　　　　　　　　　　　　　　/n"]</d>
    <d p="0.60000002384186,7,3,3381708,1336651680,1,deadbeef,791732194">["395","305","0.4-0.4","6.5","　　　　　　　　　　　　　　　　　　　　　　/n　　　　　　　　　　　　　　　　　　　　　　/n　　　　　　　　　　　　　　　　　　　　　　/n　　　　　　　　　　　　　　　　　　　　　　/n　　　　　　　　　　　　　　　　　　　　　　/n　　　　　　　　　　　　　　　　　　　　　　/n　　　　　　　　　　　　　　　　　　　　　　/n　　　　　　　　　　　　　　　　　　　　　　/n　　　　　　　　　　　　　　　　　　　　　　/n　　　　　　　　　　　　　　　　　　　　　　/n"]</d>
    <d p="0.60000002384186,7,3,3381708,1336651680,1,deadbeef,984534562">["395","355","0.4-0.4","6.5","█　　　　　　　　　　　　　　　　　　　　　"]</d>
    <d p="0.60000002384186,7,3,3342387,1336651680,1,deadbeef,1949313761">["400","210","0.8-0.8","6.5","█　　　　　　　　　　　　　　　　　　　　　/n　　　　　　　　　　　　　　　　　　　　　　/n　█　　　　　　　　　　　　　　　　　　　　/n　　　　　　　　　　　　　　　　　　　　　　/n　　　　　　　　　　　　　　　　　　　　　█/n　　　　　　　　　　　　　　　　　　　　　　/n　　　　　　　　　　　　　　　　　　　　　　/n　　　　　　　　　　　　　　　　　　　　　　/n　　　　　　　　　　　　　　　　　　　　　　/n　　　　　　　　　　　　　　　　　　　　　　/n"]</d>
    <d p="0.60000002384186,7,3,3342387,1336651680,1,deadbeef,44556805">["400","260","0.8-0.8","6.5","　　　　　　　　　　　　　　　　　　　　　　/n　　　　　　　　　　　　　　　　　　　　　　/n　　　　　　　　　　　　　　　█　　　　　　/n　　　　█　　　　　　　　　　　　　　　　　/n　　　　　　　　　　　　　　　　　　█　　　/n　　　　　　　　　　　　　　　　　　█　　　/n　　　　　　　　　　　　　　　　　　　　　　/n　　　　　　　　　　　　　　　　　　　　　　/n　　　　　　　　　　　　　　　　　　　　　　/n　　　　　　　　　　　　　　　　　　　　　　/n"]</d>
    <d p="0.60000002384186,7,3,3342387,1336651680,1,deadbeef,1289377346">["400","310","0.8-0.8","6.5","　　　　　　　　　　　　　　　　　　　　　　/n　　　　　　　　　　　　　　　　　　　　　　/n　　　　█　　　　　　　　　　　　　　　　　"]</d>
    <d p="0.60000002384186,7,3,3355443,1336651680,1,deadbeef,11589603">["380","215","0.2-0.2","6.5","　　　█　　　　　　　　　　　　　　　　　　　　　/n　　　　　　　　　　　　　　　　　　　　　　　　█/n　　　　　　　　　　　　　　　　　　　　　　　　　/n　　　　　　　　　　　　　　　　　　　　　　　　　/n　█　　　　　　　　　　　　　　　　　　　　　　　/n█　　　　　　　　　　　　　　　　　　　　　　　　/n　　　　　　　　　　　　　　　　　　　　　　　　　/n　　　　　　　　　　　　　　　　　　　　　　　　　/n　　　　　　　　　　　　　　　　　　　　　　　　　/n"]</d>
    <d p="0.60000002384186,7,3,3355443,1336651680,1,deadbeef,1201505873">["380","260","0.2-0.2","6.5","　　　　　　　　　　　　　　　　　　　　　　　　　/n　　　　　　　　　　　　　　　　　　　　　　　　　/n　　　　　　　　　　　　　　　　　　　　　　　　　/n　　　　　　　　　　　　　　　　　　　　　　　　　/n　　　　　　　　　　　　　　　　　　　　　　　　　/n　　　　　　　　　　　　　　　　　　　　　　　　　/n　　　　　　　　　　　　　　　　　　　　　　　　　/n　　　　　　　　　　　　　　　　　　　　　　　　　/n　　　　　　　　　　█　　　　　　　　　　　　　　"]</d>
    <d p="0.60000002384186,7,3,3381657,1336651680,1,deadbeef,557054551">["410","215","0.4-0.4","6.5","█"]</d>
    <d p="0.60000002384186,7,3,10092543,1336651680,1,deadbeef,1690868860">["460","215","1.0-1.0","6.5","█"]</d>
    <d p="0.60000002384186,7,3,13107,1336651680,1,deadbeef,823928499">["490","220","1.0-1.0","6.5","　█/n█　"]</d>
    <d p="0.60000002384186,7,3,6710886,1336651680,1,deadbeef,178957665">["390","225","0.1-0.1","6.5","█　　　　　　　　　　　　　　　　　　　　　/n　　　　　　　　　　　　　　　　　　　　　　/n　　　　　　　　　　　　　　　　　　　　　　/n　　　　　　　　　　　　　　　　　　　　　　/n　　　　　　　　　　　　　　　　　　　　　　/n　　　　　　　　　　　　　　　　　　　　　　/n　　　　　　　　　　　　　　　　　　　　　　/n　　　　　　　　　　　　　　　　　　　　　　/n　　　　　　　　　　　　　　　　　　　　　　/n　　　　　　　　　　　　　　　　　　　　　　/n"]</d>
    <d p="0.60000002384186,7,3,6710886,1336651680,1,deadbeef,2002956499">["390","275","0.1-0.1","6.5","　　　　　　　　　　　　　　　　　　　　　　/n　　　　　　　　　　　　　　　　　　　　　　/n　　　　　　　　　　　　　　　　　　　　　　/n　　　　　　　　　　　　　　　　　　　　　　/n　　　　　　　　　　　　　　　　　　　　　█"]</d>
    <d p="0.60000002384186,7,3,10079436,1336651680,1,deadbeef,35948565">["425","230","0.8-0.8","6.5","█　　　　　　　　　/n　　　　　　　　　█"]</d>
    <d p="0.60000002384186,7,3,16764057,1336651680,1,deadbeef,70994542">["485","230","0.6-0.6","6.5","█"]</d>
    <d p="0.60000002384186,7,3,6710886,1336651680,1,deadbeef,797039728">["495","240","0.5-0.5","6.5","█"]</d>
    <d p="0.60000002384186,7,3,6697830,1336651680,1,deadbeef,1346885786">["500","240","0.5-0.5","6.5","█"]</d>
    <d p="0.60000002384186,7,3,10053222,1336651680,1,deadbeef,1040530631">["380","245","0.7-0.7","6.5","█"]</d>
    <d p="0.60000002384186,7,3,13421721,1336651680,1,deadbeef,622569965">["385","250","0.7-0.7","6.5","█"]</d>
    <d p="0.60000002384186,7,3,10066380,1336651680,1,deadbeef,409889622">["395","250","0.4-0.4","6.5","█"]</d>
    <d p="0.60000002384186,7,3,16777113,1336651680,1,deadbeef,1009280753">["400","250","0.9-0.9","6.5","█　　　　　　　█"]</d>
    <d p="0.60000002384186,7,3,6697830,1336651680,1,deadbeef,1828082983">["425","315","0.2-0.2","6.5","█"]</d>
    <d p="0.60000002384186,7,3,10066329,1336651680,1,deadbeef,1080264451">["475","320","0.6-0.6","6.5","█"]</d>
    <d p="0.60000002384186,7,3,6710937,1336651680,1,deadbeef,1325449562">["495","320","0.7-0.7","6.5","█"]</d>
    <d p="0.60000002384186,7,3,10079487,1336651680,1,deadbeef,2006780920">["420","345","0.8-0.8","6.5","█"]</d>
    <d p="0.60000002384186,7,3,13421823,1336651680,1,deadbeef,1095085420">["395","355","0.2-0.2","6.5","　　　　　　　　　　　　　　█/n█　　　　　　　　　　　　　　/n　　　　　　　　　　　　　　　/n█　　　　　　　　　　　　█　"]</d>
    <d p="0.60000002384186,7,3,13434879,1336651680,1,deadbeef,1429176228">["420","360","0.6-0.6","6.5","█"]</d>
    <d p="0.60000002384186,7,3,10066431,1336651680,1,deadbeef,1740280691">["490","360","0.3-0.3","6.5","█"]</d>
    <d p="0.60000002384186,7,3,13434879,1336651680,1,deadbeef,652289178">["405","375","0.3-0.3","6.5","█　█"]</d>
    <d p="0.60000002384186,7,3,13421823,1336651680,1,deadbeef,1086355261">["410","375","0.3-0.3","6.5","█"]</d>
    <d p="0.30000001192093,7,2,16777215,1336651680,1,deadbeef,1453636920">["30","280","0.9-0.9","6.5","　　　　　█　　█　　　　　　　　　　　　　　　　　　　　　　█　　　　　　　█　　　█　　　　　　　　　　　　　　　　　　　　　　　　/n　　　　　　██　　　　　　　　　　　　　　　　　　　█　　█　　　█　　　　　█　█　　　　　　　　　　　　　　　　　　　　　　　　　/n　　　　　　　　　　　　　　　　　　　　　　　　　　　　█　　　　　　　█　　　　　　　　　　　　　　　　　　　　　　　　　　　　　　　/n"]</d>
    <d p="0.30000001192093,7,2,16777201,1336651680,1,deadbeef,282677340">["30","288","0.9-0.9","6.5","　　█　　　　　　　　　　　　　　　　　　　　　　　　　█　█　　　　　　　　　██　　　　　　　　　　　　　　　　　　　　　　　　　　/n　　　█　　　　　　　█　█　　　　　　█　█　　　　　　　　　　███　　　　█　　　　　　　　　　　　█　　█　　　　　　　　　　█/n　　　█　　　　　█　　　　　　　　　　██　　　　　　　　　　　　　　　█　　　　　　　　　　　　　　　　　　　　　　　　　　　█　　/n"]</d>
    <d p="0.30000001192093,7,2,16777187,1336651680,1,deadbeef,1113243947">["30","296","0.9-0.9","6.5","　█　　　　　　█　　　　　　　　█　█　　　　　　　　　█　█　　　　　　　　█　　　　　　　　　█　　　　█　　　　　　　　　██　/n　　　█　　　█　　　　　　　　　　　　　　　　　　　　　　　███　　█　　█　　　　　　　　　　█　　　　　　　　　　　　　　　　　/n　　█　　　　　█　　　█　　　　　█　　　　　　　　　　　　　　　　　　　█　　　　　　　　　　　█　　　　　　　　　　　　　██　　/n"]</d>
    <d p="0.30000001192093,7,2,16777173,1336651680,1,deadbeef,1318035527">["30","304","0.9-0.9","6.5","　　█　　　　　　　　　　█　　　　　　　　　　　　　　　　█　　　　　　　　█　　　　　　　　　　█　　　　　　　　　　　　　　　　　/n　　　　　　　　█　　　　　　　　　　　　　　　　　　　　　　　█　　　　█　　　　　　　　　　　　█　　　　█　　　　　　　██　　　/n　　　　　　　　　　　█　　　　█　　　　　　　　　　　　　　　　　　　　　　　　　　　　　　　　　　　　　█　　　　　　　　　　　　　/n"]</d>
    <d p="0.30000001192093,7,2,16777159,1336651680,1,deadbeef,1147348405">["30","312","0.9-0.9","6.5","　　　　　　　　　　　　　　　　　　　　　　　　　　　　　　　　　　　　　　　　　　　　　　　　　　　　　　　　　　　　　　██　　　　"]</d>
    <d p="0.30000001192093,7,2,16777145,1336651680,1,deadbeef,957413649">["30","280","1.0-1.0","6.5","　　　　　　██　　　　　　　　　　　　　　　　　　　████　　　　█　　　　███　　██　　　　　　　　　　　　　　　　　　　　　/n　　　　██　　█　　　　　　　　　　　　　　　　　　　██　　　　　█　　　　　█　　　██　　　　　　　　　　　　　　　　　　　　　/n　　　██　　　　　　　　　　　　　　　　　　　　　　　　█　　　　██　　　　　█　　　　　　　　　　　　　　　　　　　　　　　　　　/n"]</d>
    <d p="0.30000001192093,7,2,16777131,1336651680,1,deadbeef,76858673">["30","288","1.0-1.0","6.5","　　　█　　　　　　　　　　　　　　　　　　　　　　　　　█　　　　███　　　　　　　　　　　　　　　　　　　　　　　████████/n　　█　　　　　　　　　█　　　　　█　　█　　　　　　　██　　　　　█　　　　　　　　　█　　███　　██　　　　███████　/n　　█　　　　　　　████　　　　██　　█　　　　　　██　　█　　█　　　█　　　███　　　███　　██　　　█　　　　　█　/n"]</d>
    <d p="0.30000001192093,7,2,16777117,1336651680,1,deadbeef,1673876048">["30","296","1.0-1.0","6.5","　　████　　　█　　　█　　　　█　　　　　　　　　　　█　　█　　██　　　　　　　██　　　　█　　　　█　　　　　　　　　　　/n███　　　　　█　　　　█　　　██　　　　　　　　　　　█　　　　　　█　　　　　　　██　　　　█　　　　█　　　　　　　　█　　/n　█　　　　　█　　　　　█　　　█　　　　　　　　　　　　███　　　　█　█　　　　　██　　　　█　　　　█　　　　　　　　　　　/n"]</d>
    <d p="0.30000001192093,7,2,16777103,1336651680,1,deadbeef,1448404054">["30","304","1.0-1.0","6.5","　█　　　　　█　　　　█　　　　█　　　　　　　　　　　　　██　　　　██　　　　　　██　　　　█　　　　█　　　　　　　█　　　/n　█　　　　　█　　　██　　　　█　　　　　　　　　　　　　█　　　　　　█　　　　　　██　　　　█　　　　█　　　　　　　　　　　/n　█　　　　　████　　　　　　█　　　　　　　　　　　　　█　　　　　　█　　　　　████　████　　███　　　　　█　　　　/n"]</d>
    <d p="0.30000001192093,7,2,16777088,1336651680,1,deadbeef,1251304076">["30","312","1.0-1.0","6.5","　　　　　　　　　　　　　　　　　　　　　　　　　　　　　　　　　　　　　　　　　　　　　　　　　　　　　　　　　　　　　　　　　　　　/n　　　　　　　　　　　　　　　　　　　　　　　　　　　　　　　　　　　　　　　　　　　　　　　　　　　　　　　　　　　　　　█　　　　　/n　　　　　　　　　　　　　　　　　　　　　　　　　　　　　　　　　　　　　　　　　　　　　　　　　　　　　　　　　　　　　█　　　　　　"]</d>
</i>

